{"/home/travis/build/npmtest/node-npmtest-discord-dj/test.js":{"path":"/home/travis/build/npmtest/node-npmtest-discord-dj/test.js","s":{"1":2,"2":2,"3":2,"4":2,"5":2,"6":2,"7":2,"8":1,"9":2,"10":2,"11":1,"12":1,"13":1,"14":1,"15":2,"16":2,"17":2,"18":2,"19":1,"20":1,"21":2,"22":2,"23":2,"24":1,"25":1,"26":1,"27":1,"28":1,"29":1,"30":1,"31":1,"32":1,"33":1,"34":1,"35":1,"36":1,"37":1,"38":1,"39":2,"40":2,"41":1,"42":2,"43":2,"44":1,"45":2,"46":2,"47":1,"48":2,"49":2,"50":1,"51":1,"52":1,"53":1,"54":1},"b":{"1":[2,1,1,1],"2":[1,1,1,1],"3":[1,1],"4":[1,1],"5":[1,1],"6":[1,1],"7":[1,1],"8":[1,1],"9":[1,1],"10":[1,1,1],"11":[1,1],"12":[1,1],"13":[1,1],"14":[1,1],"15":[1,1],"16":[1,1],"17":[1,1]},"f":{"1":2,"2":2,"3":2,"4":2,"5":2,"6":1,"7":1,"8":1,"9":2,"10":2,"11":2,"12":2,"13":1},"fnMap":{"1":{"name":"(anonymous_1)","line":12,"loc":{"start":{"line":12,"column":1},"end":{"line":12,"column":13}}},"2":{"name":"(anonymous_2)","line":19,"loc":{"start":{"line":19,"column":5},"end":{"line":19,"column":17}}},"3":{"name":"(anonymous_3)","line":23,"loc":{"start":{"line":23,"column":24},"end":{"line":23,"column":36}}},"4":{"name":"(anonymous_4)","line":61,"loc":{"start":{"line":61,"column":5},"end":{"line":61,"column":17}}},"5":{"name":"(anonymous_5)","line":82,"loc":{"start":{"line":82,"column":5},"end":{"line":82,"column":17}}},"6":{"name":"(anonymous_6)","line":91,"loc":{"start":{"line":91,"column":77},"end":{"line":94,"column":10}}},"7":{"name":"(anonymous_7)","line":112,"loc":{"start":{"line":112,"column":83},"end":{"line":115,"column":10}},"skip":true},"8":{"name":"(anonymous_8)","line":123,"loc":{"start":{"line":123,"column":77},"end":{"line":126,"column":10}},"skip":true},"9":{"name":"(anonymous_9)","line":139,"loc":{"start":{"line":139,"column":12},"end":{"line":139,"column":40}},"skip":true},"10":{"name":"(anonymous_10)","line":147,"loc":{"start":{"line":147,"column":77},"end":{"line":150,"column":10}},"skip":true},"11":{"name":"(anonymous_11)","line":158,"loc":{"start":{"line":158,"column":83},"end":{"line":161,"column":10}},"skip":true},"12":{"name":"(anonymous_12)","line":169,"loc":{"start":{"line":169,"column":79},"end":{"line":172,"column":10}},"skip":true},"13":{"name":"(anonymous_13)","line":180,"loc":{"start":{"line":180,"column":75},"end":{"line":183,"column":10}},"skip":true}},"statementMap":{"1":{"start":{"line":12,"column":0},"end":{"line":195,"column":5}},"2":{"start":{"line":14,"column":4},"end":{"line":14,"column":14}},"3":{"start":{"line":19,"column":4},"end":{"line":56,"column":9}},"4":{"start":{"line":21,"column":8},"end":{"line":21,"column":19}},"5":{"start":{"line":23,"column":8},"end":{"line":35,"column":13}},"6":{"start":{"line":24,"column":12},"end":{"line":34,"column":13}},"7":{"start":{"line":25,"column":16},"end":{"line":28,"column":30}},"8":{"start":{"line":30,"column":16},"end":{"line":33,"column":27}},"9":{"start":{"line":37,"column":8},"end":{"line":39,"column":21}},"10":{"start":{"line":40,"column":8},"end":{"line":53,"column":9}},"11":{"start":{"line":43,"column":12},"end":{"line":46,"column":14}},"12":{"start":{"line":47,"column":12},"end":{"line":47,"column":18}},"13":{"start":{"line":50,"column":12},"end":{"line":51,"column":46}},"14":{"start":{"line":52,"column":12},"end":{"line":52,"column":18}},"15":{"start":{"line":55,"column":8},"end":{"line":55,"column":35}},"16":{"start":{"line":61,"column":4},"end":{"line":63,"column":9}},"17":{"start":{"line":62,"column":8},"end":{"line":62,"column":15}},"18":{"start":{"line":64,"column":4},"end":{"line":77,"column":5}},"19":{"start":{"line":70,"column":8},"end":{"line":70,"column":14}},"20":{"start":{"line":76,"column":8},"end":{"line":76,"column":14}},"21":{"start":{"line":82,"column":4},"end":{"line":84,"column":9}},"22":{"start":{"line":83,"column":8},"end":{"line":83,"column":15}},"23":{"start":{"line":85,"column":4},"end":{"line":194,"column":5}},"24":{"start":{"line":91,"column":8},"end":{"line":99,"column":10}},"25":{"start":{"line":98,"column":12},"end":{"line":98,"column":35}},"26":{"start":{"line":102,"column":8},"end":{"line":104,"column":63}},"27":{"start":{"line":105,"column":8},"end":{"line":105,"column":14}},"28":{"start":{"line":112,"column":8},"end":{"line":121,"column":10},"skip":true},"29":{"start":{"line":119,"column":12},"end":{"line":119,"column":55},"skip":true},"30":{"start":{"line":120,"column":12},"end":{"line":120,"column":48},"skip":true},"31":{"start":{"line":123,"column":8},"end":{"line":136,"column":10},"skip":true},"32":{"start":{"line":130,"column":12},"end":{"line":130,"column":76},"skip":true},"33":{"start":{"line":131,"column":12},"end":{"line":131,"column":73},"skip":true},"34":{"start":{"line":132,"column":12},"end":{"line":132,"column":74},"skip":true},"35":{"start":{"line":133,"column":12},"end":{"line":133,"column":79},"skip":true},"36":{"start":{"line":134,"column":12},"end":{"line":134,"column":25},"skip":true},"37":{"start":{"line":135,"column":12},"end":{"line":135,"column":45},"skip":true},"38":{"start":{"line":138,"column":8},"end":{"line":145,"column":14},"skip":true},"39":{"start":{"line":143,"column":16},"end":{"line":143,"column":29},"skip":true},"40":{"start":{"line":144,"column":16},"end":{"line":144,"column":55},"skip":true},"41":{"start":{"line":147,"column":8},"end":{"line":156,"column":10},"skip":true},"42":{"start":{"line":154,"column":12},"end":{"line":154,"column":25},"skip":true},"43":{"start":{"line":155,"column":12},"end":{"line":155,"column":45},"skip":true},"44":{"start":{"line":158,"column":8},"end":{"line":167,"column":10},"skip":true},"45":{"start":{"line":165,"column":12},"end":{"line":165,"column":25},"skip":true},"46":{"start":{"line":166,"column":12},"end":{"line":166,"column":48},"skip":true},"47":{"start":{"line":169,"column":8},"end":{"line":178,"column":10},"skip":true},"48":{"start":{"line":176,"column":12},"end":{"line":176,"column":25},"skip":true},"49":{"start":{"line":177,"column":12},"end":{"line":177,"column":46},"skip":true},"50":{"start":{"line":180,"column":8},"end":{"line":189,"column":10},"skip":true},"51":{"start":{"line":187,"column":12},"end":{"line":187,"column":94},"skip":true},"52":{"start":{"line":188,"column":12},"end":{"line":188,"column":48},"skip":true},"53":{"start":{"line":192,"column":8},"end":{"line":192,"column":35},"skip":true},"54":{"start":{"line":193,"column":8},"end":{"line":193,"column":14},"skip":true}},"branchMap":{"1":{"line":25,"type":"binary-expr","locations":[{"start":{"line":25,"column":23},"end":{"line":25,"column":62}},{"start":{"line":26,"column":20},"end":{"line":26,"column":70}},{"start":{"line":27,"column":20},"end":{"line":27,"column":71}},{"start":{"line":28,"column":20},"end":{"line":28,"column":29}}]},"2":{"line":30,"type":"binary-expr","locations":[{"start":{"line":30,"column":23},"end":{"line":30,"column":37}},{"start":{"line":31,"column":20},"end":{"line":31,"column":61}},{"start":{"line":32,"column":20},"end":{"line":32,"column":70}},{"start":{"line":33,"column":20},"end":{"line":33,"column":26}}]},"3":{"line":37,"type":"cond-expr","locations":[{"start":{"line":38,"column":14},"end":{"line":38,"column":20}},{"start":{"line":39,"column":14},"end":{"line":39,"column":20}}]},"4":{"line":40,"type":"switch","locations":[{"start":{"line":42,"column":8},"end":{"line":47,"column":18}},{"start":{"line":49,"column":8},"end":{"line":52,"column":18}}]},"5":{"line":44,"type":"binary-expr","locations":[{"start":{"line":44,"column":16},"end":{"line":44,"column":44}},{"start":{"line":44,"column":48},"end":{"line":44,"column":66}}]},"6":{"line":50,"type":"binary-expr","locations":[{"start":{"line":50,"column":21},"end":{"line":50,"column":49}},{"start":{"line":50,"column":53},"end":{"line":50,"column":72}}]},"7":{"line":64,"type":"switch","locations":[{"start":{"line":69,"column":4},"end":{"line":70,"column":14}},{"start":{"line":75,"column":4},"end":{"line":76,"column":14}}]},"8":{"line":85,"type":"switch","locations":[{"start":{"line":90,"column":4},"end":{"line":105,"column":14}},{"start":{"line":111,"column":4},"end":{"line":193,"column":14},"skip":true}]},"9":{"line":91,"type":"binary-expr","locations":[{"start":{"line":91,"column":42},"end":{"line":91,"column":73}},{"start":{"line":91,"column":77},"end":{"line":99,"column":9}}]},"10":{"line":102,"type":"binary-expr","locations":[{"start":{"line":102,"column":18},"end":{"line":102,"column":32}},{"start":{"line":103,"column":12},"end":{"line":103,"column":53}},{"start":{"line":104,"column":12},"end":{"line":104,"column":61}}]},"11":{"line":112,"type":"binary-expr","locations":[{"start":{"line":112,"column":45},"end":{"line":112,"column":79},"skip":true},{"start":{"line":112,"column":83},"end":{"line":121,"column":9},"skip":true}]},"12":{"line":123,"type":"binary-expr","locations":[{"start":{"line":123,"column":42},"end":{"line":123,"column":73},"skip":true},{"start":{"line":123,"column":77},"end":{"line":136,"column":9},"skip":true}]},"13":{"line":138,"type":"binary-expr","locations":[{"start":{"line":138,"column":48},"end":{"line":138,"column":85},"skip":true},{"start":{"line":139,"column":12},"end":{"line":145,"column":13},"skip":true}]},"14":{"line":147,"type":"binary-expr","locations":[{"start":{"line":147,"column":42},"end":{"line":147,"column":73},"skip":true},{"start":{"line":147,"column":77},"end":{"line":156,"column":9},"skip":true}]},"15":{"line":158,"type":"binary-expr","locations":[{"start":{"line":158,"column":45},"end":{"line":158,"column":79},"skip":true},{"start":{"line":158,"column":83},"end":{"line":167,"column":9},"skip":true}]},"16":{"line":169,"type":"binary-expr","locations":[{"start":{"line":169,"column":43},"end":{"line":169,"column":75},"skip":true},{"start":{"line":169,"column":79},"end":{"line":178,"column":9},"skip":true}]},"17":{"line":180,"type":"binary-expr","locations":[{"start":{"line":180,"column":41},"end":{"line":180,"column":71},"skip":true},{"start":{"line":180,"column":75},"end":{"line":189,"column":9},"skip":true}]}},"code":["/* istanbul instrument in package npmtest_discord_dj */","/*jslint","    bitwise: true,","    browser: true,","    maxerr: 8,","    maxlen: 96,","    node: true,","    nomen: true,","    regexp: true,","    stupid: true","*/","(function () {","    'use strict';","    var local;","","","","    // run shared js-env code - pre-init","    (function () {","        // init local","        local = {};","        // init modeJs","        local.modeJs = (function () {","            try {","                return typeof navigator.userAgent === 'string' &&","                    typeof document.querySelector('body') === 'object' &&","                    typeof XMLHttpRequest.prototype.open === 'function' &&","                    'browser';","            } catch (errorCaughtBrowser) {","                return module.exports &&","                    typeof process.versions.node === 'string' &&","                    typeof require('http').createServer === 'function' &&","                    'node';","            }","        }());","        // init global","        local.global = local.modeJs === 'browser'","            ? window","            : global;","        switch (local.modeJs) {","        // re-init local from window.local","        case 'browser':","            local = local.global.utility2.objectSetDefault(","                local.global.utility2_rollup || local.global.local,","                local.global.utility2","            );","            break;","        // re-init local from example.js","        case 'node':","            local = (local.global.utility2_rollup || require('utility2'))","                .requireExampleJsFromReadme();","            break;","        }","        // export local","        local.global.local = local;","    }());","","","","    // run shared js-env code - function","    (function () {","        return;","    }());","    switch (local.modeJs) {","","","","    // run browser js-env code - function","    case 'browser':","        break;","","","","    // run node js-env code - function","    case 'node':","        break;","    }","","","","    // run shared js-env code - post-init","    (function () {","        return;","    }());","    switch (local.modeJs) {","","","","    // run browser js-env code - post-init","    case 'browser':","        local.testCase_browser_nullCase = local.testCase_browser_nullCase || function (","            options,","            onError","        ) {","        /*","         * this function will test browsers's null-case handling-behavior-behavior","         */","            onError(null, options);","        };","","        // run tests","        local.nop(local.modeTest &&","            document.querySelector('#testRunButton1') &&","            document.querySelector('#testRunButton1').click());","        break;","","","","    // run node js-env code - post-init","    /* istanbul ignore next */","    case 'node':","        local.testCase_buildApidoc_default = local.testCase_buildApidoc_default || function (","            options,","            onError","        ) {","        /*","         * this function will test buildApidoc's default handling-behavior-behavior","         */","            options = { modulePathList: module.paths };","            local.buildApidoc(options, onError);","        };","","        local.testCase_buildApp_default = local.testCase_buildApp_default || function (","            options,","            onError","        ) {","        /*","         * this function will test buildApp's default handling-behavior-behavior","         */","            local.testCase_buildReadme_default(options, local.onErrorThrow);","            local.testCase_buildLib_default(options, local.onErrorThrow);","            local.testCase_buildTest_default(options, local.onErrorThrow);","            local.testCase_buildCustomOrg_default(options, local.onErrorThrow);","            options = [];","            local.buildApp(options, onError);","        };","","        local.testCase_buildCustomOrg_default = local.testCase_buildCustomOrg_default ||","            function (options, onError) {","            /*","             * this function will test buildCustomOrg's default handling-behavior","             */","                options = {};","                local.buildCustomOrg(options, onError);","            };","","        local.testCase_buildLib_default = local.testCase_buildLib_default || function (","            options,","            onError","        ) {","        /*","         * this function will test buildLib's default handling-behavior","         */","            options = {};","            local.buildLib(options, onError);","        };","","        local.testCase_buildReadme_default = local.testCase_buildReadme_default || function (","            options,","            onError","        ) {","        /*","         * this function will test buildReadme's default handling-behavior-behavior","         */","            options = {};","            local.buildReadme(options, onError);","        };","","        local.testCase_buildTest_default = local.testCase_buildTest_default || function (","            options,","            onError","        ) {","        /*","         * this function will test buildTest's default handling-behavior","         */","            options = {};","            local.buildTest(options, onError);","        };","","        local.testCase_webpage_default = local.testCase_webpage_default || function (","            options,","            onError","        ) {","        /*","         * this function will test webpage's default handling-behavior","         */","            options = { modeCoverageMerge: true, url: local.serverLocalHost + '?modeTest=1' };","            local.browserTest(options, onError);","        };","","        // run test-server","        local.testRunServer(local);","        break;","    }","}());",""],"l":{"12":2,"14":2,"19":2,"21":2,"23":2,"24":2,"25":2,"30":1,"37":2,"40":2,"43":1,"47":1,"50":1,"52":1,"55":2,"61":2,"62":2,"64":2,"70":1,"76":1,"82":2,"83":2,"85":2,"91":1,"98":1,"102":1,"105":1,"112":1,"119":1,"120":1,"123":1,"130":1,"131":1,"132":1,"133":1,"134":1,"135":1,"138":1,"143":2,"144":2,"147":1,"154":2,"155":2,"158":1,"165":2,"166":2,"169":1,"176":2,"177":2,"180":1,"187":1,"188":1,"192":1,"193":1}},"/home/travis/build/npmtest/node-npmtest-discord-dj/lib.npmtest_discord_dj.js":{"path":"/home/travis/build/npmtest/node-npmtest-discord-dj/lib.npmtest_discord_dj.js","s":{"1":2,"2":2,"3":2,"4":2,"5":2,"6":2,"7":2,"8":1,"9":2,"10":2,"11":2,"12":2,"13":1,"14":1,"15":1,"16":1},"b":{"1":[2,1,1,1],"2":[1,1,1,1],"3":[1,1],"4":[2,2],"5":[1,1]},"f":{"1":2,"2":2,"3":2},"fnMap":{"1":{"name":"(anonymous_1)","line":12,"loc":{"start":{"line":12,"column":1},"end":{"line":12,"column":13}}},"2":{"name":"(anonymous_2)","line":19,"loc":{"start":{"line":19,"column":5},"end":{"line":19,"column":17}}},"3":{"name":"(anonymous_3)","line":23,"loc":{"start":{"line":23,"column":24},"end":{"line":23,"column":36}}}},"statementMap":{"1":{"start":{"line":12,"column":0},"end":{"line":53,"column":5}},"2":{"start":{"line":14,"column":4},"end":{"line":14,"column":14}},"3":{"start":{"line":19,"column":4},"end":{"line":52,"column":9}},"4":{"start":{"line":21,"column":8},"end":{"line":21,"column":19}},"5":{"start":{"line":23,"column":8},"end":{"line":35,"column":13}},"6":{"start":{"line":24,"column":12},"end":{"line":34,"column":13}},"7":{"start":{"line":25,"column":16},"end":{"line":28,"column":30}},"8":{"start":{"line":30,"column":16},"end":{"line":33,"column":27}},"9":{"start":{"line":37,"column":8},"end":{"line":39,"column":21}},"10":{"start":{"line":41,"column":8},"end":{"line":41,"column":54}},"11":{"start":{"line":43,"column":8},"end":{"line":43,"column":55}},"12":{"start":{"line":45,"column":8},"end":{"line":51,"column":9}},"13":{"start":{"line":46,"column":12},"end":{"line":46,"column":61}},"14":{"start":{"line":48,"column":12},"end":{"line":48,"column":35}},"15":{"start":{"line":49,"column":12},"end":{"line":49,"column":49}},"16":{"start":{"line":50,"column":12},"end":{"line":50,"column":43}}},"branchMap":{"1":{"line":25,"type":"binary-expr","locations":[{"start":{"line":25,"column":23},"end":{"line":25,"column":62}},{"start":{"line":26,"column":20},"end":{"line":26,"column":70}},{"start":{"line":27,"column":20},"end":{"line":27,"column":71}},{"start":{"line":28,"column":20},"end":{"line":28,"column":29}}]},"2":{"line":30,"type":"binary-expr","locations":[{"start":{"line":30,"column":23},"end":{"line":30,"column":37}},{"start":{"line":31,"column":20},"end":{"line":31,"column":61}},{"start":{"line":32,"column":20},"end":{"line":32,"column":70}},{"start":{"line":33,"column":20},"end":{"line":33,"column":26}}]},"3":{"line":37,"type":"cond-expr","locations":[{"start":{"line":38,"column":14},"end":{"line":38,"column":20}},{"start":{"line":39,"column":14},"end":{"line":39,"column":20}}]},"4":{"line":41,"type":"binary-expr","locations":[{"start":{"line":41,"column":16},"end":{"line":41,"column":44}},{"start":{"line":41,"column":48},"end":{"line":41,"column":53}}]},"5":{"line":45,"type":"if","locations":[{"start":{"line":45,"column":8},"end":{"line":45,"column":8}},{"start":{"line":45,"column":8},"end":{"line":45,"column":8}}]}},"code":["/* istanbul instrument in package npmtest_discord_dj */","/*jslint","    bitwise: true,","    browser: true,","    maxerr: 8,","    maxlen: 96,","    node: true,","    nomen: true,","    regexp: true,","    stupid: true","*/","(function () {","    'use strict';","    var local;","","","","    // run shared js-env code - pre-init","    (function () {","        // init local","        local = {};","        // init modeJs","        local.modeJs = (function () {","            try {","                return typeof navigator.userAgent === 'string' &&","                    typeof document.querySelector('body') === 'object' &&","                    typeof XMLHttpRequest.prototype.open === 'function' &&","                    'browser';","            } catch (errorCaughtBrowser) {","                return module.exports &&","                    typeof process.versions.node === 'string' &&","                    typeof require('http').createServer === 'function' &&","                    'node';","            }","        }());","        // init global","        local.global = local.modeJs === 'browser'","            ? window","            : global;","        // init utility2_rollup","        local = local.global.utility2_rollup || local;","        // init lib","        local.local = local.npmtest_discord_dj = local;","        // init exports","        if (local.modeJs === 'browser') {","            local.global.utility2_npmtest_discord_dj = local;","        } else {","            module.exports = local;","            module.exports.__dirname = __dirname;","            module.exports.module = module;","        }","    }());","}());",""],"l":{"12":2,"14":2,"19":2,"21":2,"23":2,"24":2,"25":2,"30":1,"37":2,"41":2,"43":2,"45":2,"46":1,"48":1,"49":1,"50":1}},"/home/travis/build/npmtest/node-npmtest-discord-dj/example.js":{"path":"/home/travis/build/npmtest/node-npmtest-discord-dj/example.js","s":{"1":2,"2":2,"3":2,"4":2,"5":2,"6":2,"7":2,"8":1,"9":2,"10":2,"11":2,"12":2,"13":1,"14":2,"15":2,"16":2,"17":2,"18":2,"19":0,"20":2,"21":1,"22":1,"23":1,"24":1,"25":1,"26":0,"27":0,"28":1,"29":1,"30":2,"31":0,"32":0,"33":0,"34":1,"35":2,"36":2,"37":3,"38":3,"39":3,"40":3,"41":0,"42":3,"43":3,"44":3,"45":1,"46":3,"47":1,"48":1,"49":1,"50":1,"51":1,"52":1,"53":1,"54":1,"55":1,"56":1,"57":0,"58":1,"59":6,"60":6,"61":1,"62":2,"63":0,"64":2,"65":1,"66":1,"67":0,"68":0,"69":0,"70":0,"71":0,"72":0,"73":0,"74":0,"75":0,"76":0,"77":0,"78":0,"79":0,"80":0,"81":0,"82":0,"83":0},"b":{"1":[2,1,1,1],"2":[1,1,1,1],"3":[1,1],"4":[2,2],"5":[1,1],"6":[1,1],"7":[2,0],"8":[2,1,1,1,1,1],"9":[0,2,0],"10":[1,1],"11":[2,1,1],"12":[1,0],"13":[0,2],"14":[2,0,0,0,0,0,0],"15":[0,3],"16":[3,0],"17":[1,1],"18":[0,1],"19":[1,2,0,2],"20":[1,0],"21":[1,1],"22":[0,0],"23":[0,0],"24":[0,0],"25":[0,0],"26":[0,0],"27":[0,0],"28":[0,0]},"f":{"1":2,"2":2,"3":2,"4":2,"5":2,"6":2,"7":3,"8":3,"9":3,"10":1,"11":6,"12":0},"fnMap":{"1":{"name":"(anonymous_1)","line":26,"loc":{"start":{"line":26,"column":1},"end":{"line":26,"column":13}}},"2":{"name":"(anonymous_2)","line":33,"loc":{"start":{"line":33,"column":5},"end":{"line":33,"column":17}}},"3":{"name":"(anonymous_3)","line":37,"loc":{"start":{"line":37,"column":24},"end":{"line":37,"column":36}}},"4":{"name":"(anonymous_4)","line":69,"loc":{"start":{"line":69,"column":31},"end":{"line":69,"column":48}},"skip":true},"5":{"name":"(anonymous_5)","line":78,"loc":{"start":{"line":78,"column":26},"end":{"line":78,"column":45}},"skip":true},"6":{"name":"(anonymous_6)","line":123,"loc":{"start":{"line":123,"column":33},"end":{"line":123,"column":48}},"skip":true},"7":{"name":"(anonymous_7)","line":125,"loc":{"start":{"line":125,"column":27},"end":{"line":125,"column":39}},"skip":true},"8":{"name":"(anonymous_8)","line":133,"loc":{"start":{"line":133,"column":59},"end":{"line":133,"column":74}},"skip":true},"9":{"name":"(anonymous_9)","line":143,"loc":{"start":{"line":143,"column":45},"end":{"line":143,"column":62}},"skip":true},"10":{"name":"(anonymous_10)","line":144,"loc":{"start":{"line":144,"column":73},"end":{"line":144,"column":92}},"skip":true},"11":{"name":"(anonymous_11)","line":272,"loc":{"start":{"line":272,"column":51},"end":{"line":272,"column":77}},"skip":true},"12":{"name":"(anonymous_12)","line":315,"loc":{"start":{"line":315,"column":32},"end":{"line":315,"column":61}},"skip":true}},"statementMap":{"1":{"start":{"line":26,"column":0},"end":{"line":326,"column":5}},"2":{"start":{"line":28,"column":4},"end":{"line":28,"column":14}},"3":{"start":{"line":33,"column":4},"end":{"line":60,"column":9}},"4":{"start":{"line":35,"column":8},"end":{"line":35,"column":19}},"5":{"start":{"line":37,"column":8},"end":{"line":49,"column":13}},"6":{"start":{"line":38,"column":12},"end":{"line":48,"column":13}},"7":{"start":{"line":39,"column":16},"end":{"line":42,"column":30}},"8":{"start":{"line":44,"column":16},"end":{"line":47,"column":27}},"9":{"start":{"line":51,"column":8},"end":{"line":53,"column":21}},"10":{"start":{"line":55,"column":8},"end":{"line":57,"column":45}},"11":{"start":{"line":59,"column":8},"end":{"line":59,"column":35}},"12":{"start":{"line":61,"column":4},"end":{"line":325,"column":5}},"13":{"start":{"line":69,"column":8},"end":{"line":121,"column":10},"skip":true},"14":{"start":{"line":70,"column":12},"end":{"line":88,"column":13},"skip":true},"15":{"start":{"line":76,"column":16},"end":{"line":87,"column":19},"skip":true},"16":{"start":{"line":79,"column":20},"end":{"line":86,"column":21},"skip":true},"17":{"start":{"line":82,"column":24},"end":{"line":82,"column":43},"skip":true},"18":{"start":{"line":83,"column":24},"end":{"line":83,"column":30},"skip":true},"19":{"start":{"line":85,"column":24},"end":{"line":85,"column":49},"skip":true},"20":{"start":{"line":89,"column":12},"end":{"line":107,"column":13},"skip":true},"21":{"start":{"line":92,"column":16},"end":{"line":102,"column":17},"skip":true},"22":{"start":{"line":93,"column":20},"end":{"line":93,"column":86},"skip":true},"23":{"start":{"line":94,"column":20},"end":{"line":95,"column":45},"skip":true},"24":{"start":{"line":96,"column":20},"end":{"line":96,"column":42},"skip":true},"25":{"start":{"line":97,"column":20},"end":{"line":97,"column":48},"skip":true},"26":{"start":{"line":100,"column":20},"end":{"line":100,"column":85},"skip":true},"27":{"start":{"line":101,"column":20},"end":{"line":101,"column":96},"skip":true},"28":{"start":{"line":103,"column":16},"end":{"line":103,"column":22},"skip":true},"29":{"start":{"line":106,"column":16},"end":{"line":106,"column":22},"skip":true},"30":{"start":{"line":108,"column":12},"end":{"line":120,"column":13},"skip":true},"31":{"start":{"line":114,"column":16},"end":{"line":119,"column":17},"skip":true},"32":{"start":{"line":116,"column":20},"end":{"line":116,"column":78},"skip":true},"33":{"start":{"line":118,"column":20},"end":{"line":118,"column":47},"skip":true},"34":{"start":{"line":123,"column":8},"end":{"line":141,"column":11},"skip":true},"35":{"start":{"line":124,"column":12},"end":{"line":124,"column":54},"skip":true},"36":{"start":{"line":125,"column":12},"end":{"line":140,"column":14},"skip":true},"37":{"start":{"line":126,"column":16},"end":{"line":126,"column":28},"skip":true},"38":{"start":{"line":127,"column":16},"end":{"line":127,"column":69},"skip":true},"39":{"start":{"line":128,"column":16},"end":{"line":128,"column":75},"skip":true},"40":{"start":{"line":129,"column":16},"end":{"line":131,"column":17},"skip":true},"41":{"start":{"line":130,"column":20},"end":{"line":130,"column":27},"skip":true},"42":{"start":{"line":133,"column":16},"end":{"line":137,"column":36},"skip":true},"43":{"start":{"line":134,"column":20},"end":{"line":136,"column":55},"skip":true},"44":{"start":{"line":139,"column":16},"end":{"line":139,"column":57},"skip":true},"45":{"start":{"line":143,"column":8},"end":{"line":147,"column":11},"skip":true},"46":{"start":{"line":144,"column":12},"end":{"line":146,"column":15},"skip":true},"47":{"start":{"line":145,"column":16},"end":{"line":145,"column":70},"skip":true},"48":{"start":{"line":149,"column":8},"end":{"line":149,"column":31},"skip":true},"49":{"start":{"line":150,"column":8},"end":{"line":150,"column":14},"skip":true},"50":{"start":{"line":158,"column":8},"end":{"line":158,"column":31},"skip":true},"51":{"start":{"line":160,"column":8},"end":{"line":160,"column":33},"skip":true},"52":{"start":{"line":161,"column":8},"end":{"line":161,"column":37},"skip":true},"53":{"start":{"line":162,"column":8},"end":{"line":162,"column":35},"skip":true},"54":{"start":{"line":164,"column":8},"end":{"line":164,"column":50},"skip":true},"55":{"start":{"line":166,"column":8},"end":{"line":256,"column":2},"skip":true},"56":{"start":{"line":258,"column":8},"end":{"line":286,"column":9},"skip":true},"57":{"start":{"line":259,"column":12},"end":{"line":269,"column":14},"skip":true},"58":{"start":{"line":271,"column":12},"end":{"line":285,"column":19},"skip":true},"59":{"start":{"line":274,"column":20},"end":{"line":274,"column":35},"skip":true},"60":{"start":{"line":275,"column":20},"end":{"line":284,"column":21},"skip":true},"61":{"start":{"line":277,"column":24},"end":{"line":277,"column":64},"skip":true},"62":{"start":{"line":279,"column":24},"end":{"line":279,"column":40},"skip":true},"63":{"start":{"line":281,"column":24},"end":{"line":281,"column":40},"skip":true},"64":{"start":{"line":283,"column":24},"end":{"line":283,"column":39},"skip":true},"65":{"start":{"line":288,"column":8},"end":{"line":290,"column":9},"skip":true},"66":{"start":{"line":289,"column":12},"end":{"line":289,"column":18},"skip":true},"67":{"start":{"line":291,"column":8},"end":{"line":293,"column":54},"skip":true},"68":{"start":{"line":296,"column":8},"end":{"line":301,"column":37},"skip":true},"69":{"start":{"line":303,"column":8},"end":{"line":303,"column":82},"skip":true},"70":{"start":{"line":306,"column":8},"end":{"line":308,"column":9},"skip":true},"71":{"start":{"line":307,"column":12},"end":{"line":307,"column":82},"skip":true},"72":{"start":{"line":310,"column":8},"end":{"line":312,"column":9},"skip":true},"73":{"start":{"line":311,"column":12},"end":{"line":311,"column":18},"skip":true},"74":{"start":{"line":313,"column":8},"end":{"line":313,"column":54},"skip":true},"75":{"start":{"line":314,"column":8},"end":{"line":314,"column":69},"skip":true},"76":{"start":{"line":315,"column":8},"end":{"line":323,"column":36},"skip":true},"77":{"start":{"line":316,"column":12},"end":{"line":316,"column":61},"skip":true},"78":{"start":{"line":317,"column":12},"end":{"line":320,"column":13},"skip":true},"79":{"start":{"line":318,"column":16},"end":{"line":318,"column":75},"skip":true},"80":{"start":{"line":319,"column":16},"end":{"line":319,"column":23},"skip":true},"81":{"start":{"line":321,"column":12},"end":{"line":321,"column":38},"skip":true},"82":{"start":{"line":322,"column":12},"end":{"line":322,"column":27},"skip":true},"83":{"start":{"line":324,"column":8},"end":{"line":324,"column":14},"skip":true}},"branchMap":{"1":{"line":39,"type":"binary-expr","locations":[{"start":{"line":39,"column":23},"end":{"line":39,"column":62}},{"start":{"line":40,"column":20},"end":{"line":40,"column":70}},{"start":{"line":41,"column":20},"end":{"line":41,"column":71}},{"start":{"line":42,"column":20},"end":{"line":42,"column":29}}]},"2":{"line":44,"type":"binary-expr","locations":[{"start":{"line":44,"column":23},"end":{"line":44,"column":37}},{"start":{"line":45,"column":20},"end":{"line":45,"column":61}},{"start":{"line":46,"column":20},"end":{"line":46,"column":70}},{"start":{"line":47,"column":20},"end":{"line":47,"column":26}}]},"3":{"line":51,"type":"cond-expr","locations":[{"start":{"line":52,"column":14},"end":{"line":52,"column":20}},{"start":{"line":53,"column":14},"end":{"line":53,"column":20}}]},"4":{"line":55,"type":"binary-expr","locations":[{"start":{"line":55,"column":16},"end":{"line":55,"column":44}},{"start":{"line":55,"column":49},"end":{"line":57,"column":43}}]},"5":{"line":55,"type":"cond-expr","locations":[{"start":{"line":56,"column":14},"end":{"line":56,"column":54}},{"start":{"line":57,"column":14},"end":{"line":57,"column":43}}]},"6":{"line":61,"type":"switch","locations":[{"start":{"line":68,"column":4},"end":{"line":150,"column":14},"skip":true},{"start":{"line":156,"column":4},"end":{"line":324,"column":14},"skip":true}]},"7":{"line":70,"type":"if","locations":[{"start":{"line":70,"column":12},"end":{"line":70,"column":12},"skip":true},{"start":{"line":70,"column":12},"end":{"line":70,"column":12},"skip":true}]},"8":{"line":70,"type":"binary-expr","locations":[{"start":{"line":70,"column":16},"end":{"line":70,"column":22},"skip":true},{"start":{"line":70,"column":27},"end":{"line":70,"column":32},"skip":true},{"start":{"line":71,"column":20},"end":{"line":71,"column":39},"skip":true},{"start":{"line":72,"column":20},"end":{"line":72,"column":49},"skip":true},{"start":{"line":73,"column":20},"end":{"line":73,"column":58},"skip":true},{"start":{"line":74,"column":20},"end":{"line":74,"column":69},"skip":true}]},"9":{"line":79,"type":"switch","locations":[{"start":{"line":80,"column":20},"end":{"line":80,"column":33},"skip":true},{"start":{"line":81,"column":20},"end":{"line":83,"column":30},"skip":true},{"start":{"line":84,"column":20},"end":{"line":85,"column":49},"skip":true}]},"10":{"line":89,"type":"switch","locations":[{"start":{"line":90,"column":12},"end":{"line":103,"column":22},"skip":true},{"start":{"line":105,"column":12},"end":{"line":106,"column":22},"skip":true}]},"11":{"line":89,"type":"binary-expr","locations":[{"start":{"line":89,"column":20},"end":{"line":89,"column":25},"skip":true},{"start":{"line":89,"column":29},"end":{"line":89,"column":48},"skip":true},{"start":{"line":89,"column":52},"end":{"line":89,"column":74},"skip":true}]},"12":{"line":92,"type":"if","locations":[{"start":{"line":92,"column":16},"end":{"line":92,"column":16},"skip":true},{"start":{"line":92,"column":16},"end":{"line":92,"column":16},"skip":true}]},"13":{"line":108,"type":"if","locations":[{"start":{"line":108,"column":12},"end":{"line":108,"column":12},"skip":true},{"start":{"line":108,"column":12},"end":{"line":108,"column":12},"skip":true}]},"14":{"line":108,"type":"binary-expr","locations":[{"start":{"line":108,"column":16},"end":{"line":108,"column":61},"skip":true},{"start":{"line":108,"column":66},"end":{"line":108,"column":72},"skip":true},{"start":{"line":108,"column":77},"end":{"line":108,"column":82},"skip":true},{"start":{"line":109,"column":20},"end":{"line":109,"column":39},"skip":true},{"start":{"line":110,"column":20},"end":{"line":110,"column":49},"skip":true},{"start":{"line":111,"column":20},"end":{"line":111,"column":58},"skip":true},{"start":{"line":112,"column":20},"end":{"line":112,"column":68},"skip":true}]},"15":{"line":129,"type":"if","locations":[{"start":{"line":129,"column":16},"end":{"line":129,"column":16},"skip":true},{"start":{"line":129,"column":16},"end":{"line":129,"column":16},"skip":true}]},"16":{"line":134,"type":"cond-expr","locations":[{"start":{"line":135,"column":26},"end":{"line":135,"column":29},"skip":true},{"start":{"line":136,"column":26},"end":{"line":136,"column":54},"skip":true}]},"17":{"line":164,"type":"binary-expr","locations":[{"start":{"line":164,"column":27},"end":{"line":164,"column":43},"skip":true},{"start":{"line":164,"column":47},"end":{"line":164,"column":49},"skip":true}]},"18":{"line":258,"type":"if","locations":[{"start":{"line":258,"column":8},"end":{"line":258,"column":8},"skip":true},{"start":{"line":258,"column":8},"end":{"line":258,"column":8},"skip":true}]},"19":{"line":275,"type":"switch","locations":[{"start":{"line":276,"column":20},"end":{"line":277,"column":64},"skip":true},{"start":{"line":278,"column":20},"end":{"line":279,"column":40},"skip":true},{"start":{"line":280,"column":20},"end":{"line":281,"column":40},"skip":true},{"start":{"line":282,"column":20},"end":{"line":283,"column":39},"skip":true}]},"20":{"line":288,"type":"if","locations":[{"start":{"line":288,"column":8},"end":{"line":288,"column":8},"skip":true},{"start":{"line":288,"column":8},"end":{"line":288,"column":8},"skip":true}]},"21":{"line":288,"type":"binary-expr","locations":[{"start":{"line":288,"column":12},"end":{"line":288,"column":40},"skip":true},{"start":{"line":288,"column":44},"end":{"line":288,"column":67},"skip":true}]},"22":{"line":292,"type":"binary-expr","locations":[{"start":{"line":292,"column":12},"end":{"line":292,"column":50},"skip":true},{"start":{"line":293,"column":12},"end":{"line":293,"column":53},"skip":true}]},"23":{"line":297,"type":"binary-expr","locations":[{"start":{"line":297,"column":12},"end":{"line":297,"column":68},"skip":true},{"start":{"line":298,"column":12},"end":{"line":301,"column":36},"skip":true}]},"24":{"line":303,"type":"binary-expr","locations":[{"start":{"line":303,"column":43},"end":{"line":303,"column":75},"skip":true},{"start":{"line":303,"column":79},"end":{"line":303,"column":81},"skip":true}]},"25":{"line":306,"type":"if","locations":[{"start":{"line":306,"column":8},"end":{"line":306,"column":8},"skip":true},{"start":{"line":306,"column":8},"end":{"line":306,"column":8},"skip":true}]},"26":{"line":310,"type":"if","locations":[{"start":{"line":310,"column":8},"end":{"line":310,"column":8},"skip":true},{"start":{"line":310,"column":8},"end":{"line":310,"column":8},"skip":true}]},"27":{"line":313,"type":"binary-expr","locations":[{"start":{"line":313,"column":27},"end":{"line":313,"column":43},"skip":true},{"start":{"line":313,"column":47},"end":{"line":313,"column":53},"skip":true}]},"28":{"line":317,"type":"if","locations":[{"start":{"line":317,"column":12},"end":{"line":317,"column":12},"skip":true},{"start":{"line":317,"column":12},"end":{"line":317,"column":12},"skip":true}]}},"code":["/*","example.js","","quickstart example","","instruction","    1. save this script as example.js","    2. run the shell command:","        $ npm install npmtest-discord-dj && PORT=8081 node example.js","    3. play with the browser-demo on http://127.0.0.1:8081","*/","","","","/* istanbul instrument in package npmtest_discord_dj */","/*jslint","    bitwise: true,","    browser: true,","    maxerr: 8,","    maxlen: 96,","    node: true,","    nomen: true,","    regexp: true,","    stupid: true","*/","(function () {","    'use strict';","    var local;","","","","    // run shared js-env code - pre-init","    (function () {","        // init local","        local = {};","        // init modeJs","        local.modeJs = (function () {","            try {","                return typeof navigator.userAgent === 'string' &&","                    typeof document.querySelector('body') === 'object' &&","                    typeof XMLHttpRequest.prototype.open === 'function' &&","                    'browser';","            } catch (errorCaughtBrowser) {","                return module.exports &&","                    typeof process.versions.node === 'string' &&","                    typeof require('http').createServer === 'function' &&","                    'node';","            }","        }());","        // init global","        local.global = local.modeJs === 'browser'","            ? window","            : global;","        // init utility2_rollup","        local = local.global.utility2_rollup || (local.modeJs === 'browser'","            ? local.global.utility2_npmtest_discord_dj","            : global.utility2_moduleExports);","        // export local","        local.global.local = local;","    }());","    switch (local.modeJs) {","","","","    // post-init","    // run browser js-env code - post-init","    /* istanbul ignore next */","    case 'browser':","        local.testRunBrowser = function (event) {","            if (!event || (event &&","                    event.currentTarget &&","                    event.currentTarget.className &&","                    event.currentTarget.className.includes &&","                    event.currentTarget.className.includes('onreset'))) {","                // reset output","                Array.from(","                    document.querySelectorAll('body > .resettable')","                ).forEach(function (element) {","                    switch (element.tagName) {","                    case 'INPUT':","                    case 'TEXTAREA':","                        element.value = '';","                        break;","                    default:","                        element.textContent = '';","                    }","                });","            }","            switch (event && event.currentTarget && event.currentTarget.id) {","            case 'testRunButton1':","                // show tests","                if (document.querySelector('#testReportDiv1').style.display === 'none') {","                    document.querySelector('#testReportDiv1').style.display = 'block';","                    document.querySelector('#testRunButton1').textContent =","                        'hide internal test';","                    local.modeTest = true;","                    local.testRunDefault(local);","                // hide tests","                } else {","                    document.querySelector('#testReportDiv1').style.display = 'none';","                    document.querySelector('#testRunButton1').textContent = 'run internal test';","                }","                break;","            // custom-case","            default:","                break;","            }","            if (document.querySelector('#inputTextareaEval1') && (!event || (event &&","                    event.currentTarget &&","                    event.currentTarget.className &&","                    event.currentTarget.className.includes &&","                    event.currentTarget.className.includes('oneval')))) {","                // try to eval input-code","                try {","                    /*jslint evil: true*/","                    eval(document.querySelector('#inputTextareaEval1').value);","                } catch (errorCaught) {","                    console.error(errorCaught);","                }","            }","        };","        // log stderr and stdout to #outputTextareaStdout1","        ['error', 'log'].forEach(function (key) {","            console[key + '_original'] = console[key];","            console[key] = function () {","                var element;","                console[key + '_original'].apply(console, arguments);","                element = document.querySelector('#outputTextareaStdout1');","                if (!element) {","                    return;","                }","                // append text to #outputTextareaStdout1","                element.value += Array.from(arguments).map(function (arg) {","                    return typeof arg === 'string'","                        ? arg","                        : JSON.stringify(arg, null, 4);","                }).join(' ') + '\\n';","                // scroll textarea to bottom","                element.scrollTop = element.scrollHeight;","            };","        });","        // init event-handling","        ['change', 'click', 'keyup'].forEach(function (event) {","            Array.from(document.querySelectorAll('.on' + event)).forEach(function (element) {","                element.addEventListener(event, local.testRunBrowser);","            });","        });","        // run tests","        local.testRunBrowser();","        break;","","","","    // run node js-env code - post-init","    /* istanbul ignore next */","    case 'node':","        // export local","        module.exports = local;","        // require modules","        local.fs = require('fs');","        local.http = require('http');","        local.url = require('url');","        // init assets","        local.assetsDict = local.assetsDict || {};","        /* jslint-ignore-begin */","        local.assetsDict['/assets.index.template.html'] = '\\","<!doctype html>\\n\\","<html lang=\"en\">\\n\\","<head>\\n\\","<meta charset=\"UTF-8\">\\n\\","<meta name=\"viewport\" content=\"width=device-width, initial-scale=1\">\\n\\","<title>{{env.npm_package_name}} (v{{env.npm_package_version}})</title>\\n\\","<style>\\n\\","/*csslint\\n\\","    box-sizing: false,\\n\\","    universal-selector: false\\n\\","*/\\n\\","* {\\n\\","    box-sizing: border-box;\\n\\","}\\n\\","body {\\n\\","    background: #dde;\\n\\","    font-family: Arial, Helvetica, sans-serif;\\n\\","    margin: 2rem;\\n\\","}\\n\\","body > * {\\n\\","    margin-bottom: 1rem;\\n\\","}\\n\\",".utility2FooterDiv {\\n\\","    margin-top: 20px;\\n\\","    text-align: center;\\n\\","}\\n\\","</style>\\n\\","<style>\\n\\","/*csslint\\n\\","*/\\n\\","textarea {\\n\\","    font-family: monospace;\\n\\","    height: 10rem;\\n\\","    width: 100%;\\n\\","}\\n\\","textarea[readonly] {\\n\\","    background: #ddd;\\n\\","}\\n\\","</style>\\n\\","</head>\\n\\","<body>\\n\\","<!-- utility2-comment\\n\\","<div id=\"ajaxProgressDiv1\" style=\"background: #d00; height: 2px; left: 0; margin: 0; padding: 0; position: fixed; top: 0; transition: background 0.5s, width 1.5s; width: 25%;\"></div>\\n\\","utility2-comment -->\\n\\","<h1>\\n\\","<!-- utility2-comment\\n\\","    <a\\n\\","        {{#if env.npm_package_homepage}}\\n\\","        href=\"{{env.npm_package_homepage}}\"\\n\\","        {{/if env.npm_package_homepage}}\\n\\","        target=\"_blank\"\\n\\","    >\\n\\","utility2-comment -->\\n\\","        {{env.npm_package_name}} (v{{env.npm_package_version}})\\n\\","<!-- utility2-comment\\n\\","    </a>\\n\\","utility2-comment -->\\n\\","</h1>\\n\\","<h3>{{env.npm_package_description}}</h3>\\n\\","<!-- utility2-comment\\n\\","<h4><a download href=\"assets.app.js\">download standalone app</a></h4>\\n\\","<button class=\"onclick onreset\" id=\"testRunButton1\">run internal test</button><br>\\n\\","<div id=\"testReportDiv1\" style=\"display: none;\"></div>\\n\\","utility2-comment -->\\n\\","\\n\\","\\n\\","\\n\\","<label>stderr and stdout</label>\\n\\","<textarea class=\"resettable\" id=\"outputTextareaStdout1\" readonly></textarea>\\n\\","<!-- utility2-comment\\n\\","{{#if isRollup}}\\n\\","<script src=\"assets.app.js\"></script>\\n\\","{{#unless isRollup}}\\n\\","utility2-comment -->\\n\\","<script src=\"assets.utility2.rollup.js\"></script>\\n\\","<script src=\"jsonp.utility2._stateInit?callback=window.utility2._stateInit\"></script>\\n\\","<script src=\"assets.npmtest_discord_dj.rollup.js\"></script>\\n\\","<script src=\"assets.example.js\"></script>\\n\\","<script src=\"assets.test.js\"></script>\\n\\","<!-- utility2-comment\\n\\","{{/if isRollup}}\\n\\","utility2-comment -->\\n\\","<div class=\"utility2FooterDiv\">\\n\\","    [ this app was created with\\n\\","    <a href=\"https://github.com/kaizhu256/node-utility2\" target=\"_blank\">utility2</a>\\n\\","    ]\\n\\","</div>\\n\\","</body>\\n\\","</html>\\n\\","';","        /* jslint-ignore-end */","        if (local.templateRender) {","            local.assetsDict['/'] = local.templateRender(","                local.assetsDict['/assets.index.template.html'],","                {","                    env: local.objectSetDefault(local.env, {","                        npm_package_description: 'the greatest app in the world!',","                        npm_package_name: 'my-app',","                        npm_package_nameAlias: 'my_app',","                        npm_package_version: '0.0.1'","                    })","                }","            );","        } else {","            local.assetsDict['/'] = local.assetsDict['/assets.index.template.html']","                .replace((/\\{\\{env\\.(\\w+?)\\}\\}/g), function (match0, match1) {","                    // jslint-hack","                    String(match0);","                    switch (match1) {","                    case 'npm_package_description':","                        return 'the greatest app in the world!';","                    case 'npm_package_name':","                        return 'my-app';","                    case 'npm_package_nameAlias':","                        return 'my_app';","                    case 'npm_package_version':","                        return '0.0.1';","                    }","                });","        }","        // run the cli","        if (local.global.utility2_rollup || module !== require.main) {","            break;","        }","        local.assetsDict['/assets.example.js'] =","            local.assetsDict['/assets.example.js'] ||","            local.fs.readFileSync(__filename, 'utf8');","        // bug-workaround - long $npm_package_buildCustomOrg","        /* jslint-ignore-begin */","        local.assetsDict['/assets.npmtest_discord_dj.rollup.js'] =","            local.assetsDict['/assets.npmtest_discord_dj.rollup.js'] ||","            local.fs.readFileSync(","                local.npmtest_discord_dj.__dirname + '/lib.npmtest_discord_dj.js',","                'utf8'","            ).replace((/^#!/), '//');","        /* jslint-ignore-end */","        local.assetsDict['/favicon.ico'] = local.assetsDict['/favicon.ico'] || '';","        // if $npm_config_timeout_exit exists,","        // then exit this process after $npm_config_timeout_exit ms","        if (Number(process.env.npm_config_timeout_exit)) {","            setTimeout(process.exit, Number(process.env.npm_config_timeout_exit));","        }","        // start server","        if (local.global.utility2_serverHttp1) {","            break;","        }","        process.env.PORT = process.env.PORT || '8081';","        console.error('server starting on port ' + process.env.PORT);","        local.http.createServer(function (request, response) {","            request.urlParsed = local.url.parse(request.url);","            if (local.assetsDict[request.urlParsed.pathname] !== undefined) {","                response.end(local.assetsDict[request.urlParsed.pathname]);","                return;","            }","            response.statusCode = 404;","            response.end();","        }).listen(process.env.PORT);","        break;","    }","}());",""],"l":{"26":2,"28":2,"33":2,"35":2,"37":2,"38":2,"39":2,"44":1,"51":2,"55":2,"59":2,"61":2,"69":1,"70":2,"76":2,"79":2,"82":2,"83":2,"85":1,"89":2,"92":1,"93":1,"94":1,"96":1,"97":1,"100":1,"101":1,"103":1,"106":1,"108":2,"114":1,"116":1,"118":1,"123":1,"124":2,"125":2,"126":3,"127":3,"128":3,"129":3,"130":1,"133":3,"134":3,"139":3,"143":1,"144":3,"145":1,"149":1,"150":1,"158":1,"160":1,"161":1,"162":1,"164":1,"166":1,"258":1,"259":1,"271":1,"274":6,"275":6,"277":1,"279":2,"281":1,"283":2,"288":1,"289":1,"291":1,"296":1,"303":1,"306":1,"307":1,"310":1,"311":1,"313":1,"314":1,"315":1,"316":1,"317":1,"318":1,"319":1,"321":1,"322":1,"324":1}},"/home/travis/build/npmtest/node-npmtest-discord-dj/node_modules/discord-dj/lib/index.js":{"path":"/home/travis/build/npmtest/node-npmtest-discord-dj/node_modules/discord-dj/lib/index.js","s":{"1":1,"2":1},"b":{},"f":{},"fnMap":{},"statementMap":{"1":{"start":{"line":4,"column":0},"end":{"line":4,"column":42}},"2":{"start":{"line":6,"column":0},"end":{"line":43,"column":2}}},"branchMap":{},"code":["/*"," * This is the API of the module"," */","const Utils = require('./Logic/Utils.js');","","module.exports = {","","    DJManager: require('./Logic/DJManager.js'),","","    // Logic","    DJ: require('./Logic/DJ.js'),","    Playable: require('./Logic/Playable.js'),","    Playlist: require('./Logic/Playlist.js'),","    Decoder: require('./Logic/Decoder.js'),","","    // Decoders","    FFmpegDecoder: require('./Audio/Decoders/FFmpegDecoder.js'),","    ChiptuneDecoder: require('./Audio/Decoders/ChiptuneDecoder.js'),","","    // Audio","    FileAudio: require('./Audio/FileAudio.js'),","    YoutubeVideo: require('./Audio/YoutubeVideo.js'),","    IcyAudio: require('./Audio/IcyAudio.js'),","    StreamAudio: require('./Audio/StreamAudio.js'),","    SoundcloudAudio: require('./Audio/SoundcloudAudio.js'),","","    // Playlists","    DirectoryPlaylist: require('./Audio/Playlist/DirectoryPlaylist.js'),","    FilePlaylist: require('./Audio/Playlist/FilePlaylist.js'),","    SoundcloudPlaylist: require('./Audio/Playlist/SoundcloudPlaylist.js'),","    YoutubePlaylist: require('./Audio/Playlist/YoutubePlaylist.js'),","","    // Default DJ Implementation","    BotDJ: require('./Bot/BotDJ.js'),","    Mode: require('./Bot/Mode.js'),","    DJMode: require('./Bot/DJMode.js'),","    PlaylistMode: require('./Bot/PlaylistMode.js'),","","    // Other functions","    registerDecoder: Utils.registerDecoder,","    getDecoders: Utils.getDecoders","","};"],"l":{"4":1,"6":1}},"/home/travis/build/npmtest/node-npmtest-discord-dj/node_modules/discord-dj/lib/Logic/Utils.js":{"path":"/home/travis/build/npmtest/node-npmtest-discord-dj/node_modules/discord-dj/lib/Logic/Utils.js","s":{"1":1,"2":3,"3":3,"4":2,"5":0,"6":0,"7":0,"8":0,"9":0,"10":0,"11":0,"12":0,"13":0,"14":0,"15":0,"16":0,"17":0,"18":0,"19":0,"20":0,"21":0,"22":0,"23":0},"b":{"1":[0,0],"2":[0,0],"3":[0,0],"4":[0,0],"5":[0,0],"6":[0,0]},"f":{"1":3,"2":0,"3":0,"4":0,"5":0,"6":0},"fnMap":{"1":{"name":"(anonymous_1)","line":9,"loc":{"start":{"line":9,"column":13},"end":{"line":9,"column":27}}},"2":{"name":"(anonymous_2)","line":17,"loc":{"start":{"line":17,"column":12},"end":{"line":17,"column":26}}},"3":{"name":"(anonymous_3)","line":24,"loc":{"start":{"line":24,"column":16},"end":{"line":24,"column":27}}},"4":{"name":"(anonymous_4)","line":30,"loc":{"start":{"line":30,"column":19},"end":{"line":30,"column":29}}},"5":{"name":"(anonymous_5)","line":37,"loc":{"start":{"line":37,"column":15},"end":{"line":37,"column":18}}},"6":{"name":"(anonymous_6)","line":41,"loc":{"start":{"line":41,"column":29},"end":{"line":41,"column":58}}}},"statementMap":{"1":{"start":{"line":1,"column":0},"end":{"line":48,"column":2}},"2":{"start":{"line":10,"column":8},"end":{"line":14,"column":9}},"3":{"start":{"line":11,"column":12},"end":{"line":11,"column":32}},"4":{"start":{"line":13,"column":12},"end":{"line":13,"column":24}},"5":{"start":{"line":18,"column":8},"end":{"line":18,"column":43}},"6":{"start":{"line":18,"column":30},"end":{"line":18,"column":43}},"7":{"start":{"line":19,"column":8},"end":{"line":19,"column":37}},"8":{"start":{"line":19,"column":24},"end":{"line":19,"column":37}},"9":{"start":{"line":20,"column":8},"end":{"line":20,"column":35}},"10":{"start":{"line":20,"column":22},"end":{"line":20,"column":35}},"11":{"start":{"line":21,"column":8},"end":{"line":21,"column":20}},"12":{"start":{"line":25,"column":8},"end":{"line":25,"column":44}},"13":{"start":{"line":26,"column":8},"end":{"line":26,"column":34}},"14":{"start":{"line":26,"column":22},"end":{"line":26,"column":34}},"15":{"start":{"line":27,"column":8},"end":{"line":27,"column":43}},"16":{"start":{"line":31,"column":8},"end":{"line":33,"column":9}},"17":{"start":{"line":32,"column":12},"end":{"line":32,"column":33}},"18":{"start":{"line":34,"column":8},"end":{"line":34,"column":38}},"19":{"start":{"line":38,"column":8},"end":{"line":40,"column":9}},"20":{"start":{"line":39,"column":12},"end":{"line":39,"column":22}},"21":{"start":{"line":41,"column":8},"end":{"line":43,"column":11}},"22":{"start":{"line":42,"column":12},"end":{"line":42,"column":67}},"23":{"start":{"line":45,"column":8},"end":{"line":45,"column":31}}},"branchMap":{"1":{"line":18,"type":"if","locations":[{"start":{"line":18,"column":8},"end":{"line":18,"column":8}},{"start":{"line":18,"column":8},"end":{"line":18,"column":8}}]},"2":{"line":19,"type":"if","locations":[{"start":{"line":19,"column":8},"end":{"line":19,"column":8}},{"start":{"line":19,"column":8},"end":{"line":19,"column":8}}]},"3":{"line":20,"type":"if","locations":[{"start":{"line":20,"column":8},"end":{"line":20,"column":8}},{"start":{"line":20,"column":8},"end":{"line":20,"column":8}}]},"4":{"line":26,"type":"if","locations":[{"start":{"line":26,"column":8},"end":{"line":26,"column":8}},{"start":{"line":26,"column":8},"end":{"line":26,"column":8}}]},"5":{"line":31,"type":"if","locations":[{"start":{"line":31,"column":8},"end":{"line":31,"column":8}},{"start":{"line":31,"column":8},"end":{"line":31,"column":8}}]},"6":{"line":38,"type":"if","locations":[{"start":{"line":38,"column":8},"end":{"line":38,"column":8}},{"start":{"line":38,"column":8},"end":{"line":38,"column":8}}]}},"code":["module.exports = {","","    // Regular Expressions","    YTRegex: /(?:https?:\\/\\/)?(?:www\\.)?youtu(?:be\\.com\\/watch\\?v=|\\.be\\/)([\\w\\-]+)(&(amp;)?[\\w\\?=]*)?/,","    SCRegex: /(?:https?:\\/\\/)?(?:www\\.)?(?:soundcloud\\.com|snd\\.sc)\\/(.*)/,","    YTPlaylistRegex: /(?:https?:\\/\\/)?(?:www\\.)?youtube\\.com\\/playlist\\?list=([A-Za-z0-9_-]+)/,","    SCPlaylistRegex: /(?:https?:\\/\\/)?(?:www\\.)?soundcloud\\.com\\/([a-zA-Z0-9]+)\\/sets\\/(.*)/,","","    include: function(pkg) {","        try {","            return require(pkg);","        } catch(e) {","            return null;","        }","    },","","    exists: function(obj) {","        if(obj === undefined) return false;","        if(obj == null) return false;","        if(obj == '') return false;","        return true;","    },","","    getExtension(filename) {","        var pos = filename.lastIndexOf('.');","        if(pos == -1) return null;","        return filename.substring(pos + 1);","    },","","    registerDecoder(decoder) {","        if(typeof global.decoders == 'undefined') {","            global.decoders = [];","        }","        global.decoders.push(decoder);","    },","","    getDecoders() {","        if(typeof global.decoders == 'undefined') {","            return [];","        }","        global.decoders.sort(function(decoder1, decoder2) {","            return decoder1.getPriority() - decoder2.getPriority();","        });","","        return global.decoders;","    }","","};"],"l":{"1":1,"10":3,"11":3,"13":2,"18":0,"19":0,"20":0,"21":0,"25":0,"26":0,"27":0,"31":0,"32":0,"34":0,"38":0,"39":0,"41":0,"42":0,"45":0}},"/home/travis/build/npmtest/node-npmtest-discord-dj/node_modules/discord-dj/lib/Logic/DJManager.js":{"path":"/home/travis/build/npmtest/node-npmtest-discord-dj/node_modules/discord-dj/lib/Logic/DJManager.js","s":{"1":1,"2":1,"3":1,"4":0,"5":0,"6":0,"7":0,"8":0,"9":0,"10":0,"11":0,"12":0,"13":0,"14":0,"15":0,"16":0,"17":0,"18":0,"19":0,"20":0,"21":0,"22":0,"23":0,"24":0,"25":0,"26":0,"27":0,"28":0,"29":0,"30":0,"31":0,"32":0,"33":0,"34":0,"35":0,"36":0,"37":0,"38":0,"39":0,"40":0,"41":0,"42":0,"43":0,"44":0,"45":0,"46":0,"47":0,"48":0,"49":0,"50":0,"51":0,"52":0,"53":0,"54":0,"55":0,"56":0,"57":0,"58":0,"59":0,"60":0,"61":0,"62":0,"63":0,"64":0,"65":0,"66":0,"67":0,"68":0,"69":0,"70":0,"71":0,"72":0,"73":0,"74":0,"75":0,"76":0,"77":0,"78":0,"79":0,"80":0,"81":0,"82":0,"83":0,"84":0,"85":0,"86":0,"87":1},"b":{"1":[0,0],"2":[0,0],"3":[0,0],"4":[0,0],"5":[0,0],"6":[0,0],"7":[0,0],"8":[0,0],"9":[0,0],"10":[0,0],"11":[0,0],"12":[0,0],"13":[0,0],"14":[0,0],"15":[0,0],"16":[0,0],"17":[0,0],"18":[0,0],"19":[0,0],"20":[0,0],"21":[0,0],"22":[0,0],"23":[0,0],"24":[0,0],"25":[0,0],"26":[0,0],"27":[0,0],"28":[0,0],"29":[0,0],"30":[0,0],"31":[0,0]},"f":{"1":0,"2":0,"3":0,"4":0,"5":0,"6":0,"7":0,"8":0,"9":0,"10":0,"11":0,"12":0},"fnMap":{"1":{"name":"(anonymous_1)","line":14,"loc":{"start":{"line":14,"column":15},"end":{"line":14,"column":29}}},"2":{"name":"(anonymous_2)","line":39,"loc":{"start":{"line":39,"column":9},"end":{"line":39,"column":20}}},"3":{"name":"(anonymous_3)","line":51,"loc":{"start":{"line":51,"column":65},"end":{"line":51,"column":77}}},"4":{"name":"(anonymous_4)","line":63,"loc":{"start":{"line":63,"column":10},"end":{"line":63,"column":31}}},"5":{"name":"(anonymous_5)","line":72,"loc":{"start":{"line":72,"column":27},"end":{"line":72,"column":53}}},"6":{"name":"(anonymous_6)","line":75,"loc":{"start":{"line":75,"column":27},"end":{"line":75,"column":38}}},"7":{"name":"(anonymous_7)","line":91,"loc":{"start":{"line":91,"column":53},"end":{"line":91,"column":68}}},"8":{"name":"(anonymous_8)","line":106,"loc":{"start":{"line":106,"column":15},"end":{"line":106,"column":22}}},"9":{"name":"(anonymous_9)","line":138,"loc":{"start":{"line":138,"column":11},"end":{"line":138,"column":16}}},"10":{"name":"(anonymous_10)","line":155,"loc":{"start":{"line":155,"column":19},"end":{"line":155,"column":45}}},"11":{"name":"(anonymous_11)","line":178,"loc":{"start":{"line":178,"column":17},"end":{"line":178,"column":23}}},"12":{"name":"(anonymous_12)","line":187,"loc":{"start":{"line":187,"column":20},"end":{"line":187,"column":26}}}},"statementMap":{"1":{"start":{"line":3,"column":0},"end":{"line":3,"column":37}},"2":{"start":{"line":4,"column":0},"end":{"line":4,"column":28}},"3":{"start":{"line":6,"column":0},"end":{"line":6,"column":48}},"4":{"start":{"line":15,"column":8},"end":{"line":23,"column":9}},"5":{"start":{"line":16,"column":12},"end":{"line":16,"column":36}},"6":{"start":{"line":17,"column":12},"end":{"line":17,"column":35}},"7":{"start":{"line":18,"column":12},"end":{"line":18,"column":30}},"8":{"start":{"line":20,"column":12},"end":{"line":20,"column":43}},"9":{"start":{"line":21,"column":12},"end":{"line":21,"column":28}},"10":{"start":{"line":22,"column":12},"end":{"line":22,"column":31}},"11":{"start":{"line":25,"column":8},"end":{"line":25,"column":28}},"12":{"start":{"line":26,"column":8},"end":{"line":26,"column":22}},"13":{"start":{"line":28,"column":8},"end":{"line":31,"column":10}},"14":{"start":{"line":40,"column":8},"end":{"line":44,"column":9}},"15":{"start":{"line":41,"column":12},"end":{"line":41,"column":39}},"16":{"start":{"line":42,"column":12},"end":{"line":42,"column":53}},"17":{"start":{"line":43,"column":12},"end":{"line":43,"column":36}},"18":{"start":{"line":46,"column":8},"end":{"line":49,"column":9}},"19":{"start":{"line":47,"column":12},"end":{"line":47,"column":23}},"20":{"start":{"line":48,"column":12},"end":{"line":48,"column":19}},"21":{"start":{"line":51,"column":8},"end":{"line":54,"column":22}},"22":{"start":{"line":52,"column":12},"end":{"line":52,"column":30}},"23":{"start":{"line":53,"column":12},"end":{"line":53,"column":50}},"24":{"start":{"line":53,"column":39},"end":{"line":53,"column":50}},"25":{"start":{"line":64,"column":8},"end":{"line":64,"column":86}},"26":{"start":{"line":64,"column":33},"end":{"line":64,"column":86}},"27":{"start":{"line":65,"column":8},"end":{"line":65,"column":41}},"28":{"start":{"line":65,"column":31},"end":{"line":65,"column":41}},"29":{"start":{"line":67,"column":8},"end":{"line":70,"column":9}},"30":{"start":{"line":68,"column":12},"end":{"line":68,"column":57}},"31":{"start":{"line":69,"column":12},"end":{"line":69,"column":36}},"32":{"start":{"line":72,"column":8},"end":{"line":98,"column":22}},"33":{"start":{"line":74,"column":12},"end":{"line":96,"column":13}},"34":{"start":{"line":75,"column":16},"end":{"line":77,"column":30}},"35":{"start":{"line":76,"column":20},"end":{"line":76,"column":74}},"36":{"start":{"line":80,"column":16},"end":{"line":88,"column":17}},"37":{"start":{"line":81,"column":20},"end":{"line":81,"column":82}},"38":{"start":{"line":82,"column":23},"end":{"line":88,"column":17}},"39":{"start":{"line":83,"column":20},"end":{"line":87,"column":21}},"40":{"start":{"line":84,"column":24},"end":{"line":84,"column":90}},"41":{"start":{"line":86,"column":24},"end":{"line":86,"column":63}},"42":{"start":{"line":89,"column":16},"end":{"line":89,"column":90}},"43":{"start":{"line":89,"column":41},"end":{"line":89,"column":90}},"44":{"start":{"line":91,"column":16},"end":{"line":95,"column":38}},"45":{"start":{"line":92,"column":20},"end":{"line":92,"column":95}},"46":{"start":{"line":93,"column":20},"end":{"line":93,"column":38}},"47":{"start":{"line":94,"column":20},"end":{"line":94,"column":32}},"48":{"start":{"line":107,"column":8},"end":{"line":107,"column":68}},"49":{"start":{"line":108,"column":8},"end":{"line":108,"column":68}},"50":{"start":{"line":110,"column":8},"end":{"line":112,"column":9}},"51":{"start":{"line":111,"column":12},"end":{"line":111,"column":24}},"52":{"start":{"line":114,"column":8},"end":{"line":128,"column":9}},"53":{"start":{"line":115,"column":12},"end":{"line":115,"column":33}},"54":{"start":{"line":117,"column":12},"end":{"line":117,"column":58}},"55":{"start":{"line":117,"column":49},"end":{"line":117,"column":58}},"56":{"start":{"line":118,"column":12},"end":{"line":118,"column":53}},"57":{"start":{"line":119,"column":12},"end":{"line":127,"column":13}},"58":{"start":{"line":120,"column":16},"end":{"line":120,"column":44}},"59":{"start":{"line":120,"column":34},"end":{"line":120,"column":44}},"60":{"start":{"line":122,"column":16},"end":{"line":122,"column":56}},"61":{"start":{"line":122,"column":47},"end":{"line":122,"column":56}},"62":{"start":{"line":123,"column":16},"end":{"line":123,"column":49}},"63":{"start":{"line":124,"column":16},"end":{"line":124,"column":43}},"64":{"start":{"line":124,"column":34},"end":{"line":124,"column":43}},"65":{"start":{"line":125,"column":16},"end":{"line":125,"column":49}},"66":{"start":{"line":126,"column":16},"end":{"line":126,"column":58}},"67":{"start":{"line":126,"column":48},"end":{"line":126,"column":58}},"68":{"start":{"line":130,"column":8},"end":{"line":130,"column":20}},"69":{"start":{"line":139,"column":8},"end":{"line":139,"column":37}},"70":{"start":{"line":140,"column":8},"end":{"line":144,"column":9}},"71":{"start":{"line":141,"column":12},"end":{"line":141,"column":38}},"72":{"start":{"line":142,"column":12},"end":{"line":142,"column":25}},"73":{"start":{"line":143,"column":12},"end":{"line":143,"column":24}},"74":{"start":{"line":145,"column":8},"end":{"line":145,"column":21}},"75":{"start":{"line":156,"column":8},"end":{"line":156,"column":47}},"76":{"start":{"line":157,"column":8},"end":{"line":169,"column":9}},"77":{"start":{"line":158,"column":12},"end":{"line":158,"column":34}},"78":{"start":{"line":159,"column":12},"end":{"line":168,"column":13}},"79":{"start":{"line":160,"column":16},"end":{"line":160,"column":48}},"80":{"start":{"line":162,"column":16},"end":{"line":164,"column":17}},"81":{"start":{"line":163,"column":20},"end":{"line":163,"column":30}},"82":{"start":{"line":165,"column":16},"end":{"line":167,"column":17}},"83":{"start":{"line":166,"column":20},"end":{"line":166,"column":30}},"84":{"start":{"line":170,"column":8},"end":{"line":170,"column":20}},"85":{"start":{"line":179,"column":8},"end":{"line":179,"column":32}},"86":{"start":{"line":188,"column":8},"end":{"line":188,"column":35}},"87":{"start":{"line":193,"column":0},"end":{"line":193,"column":27}}},"branchMap":{"1":{"line":15,"type":"if","locations":[{"start":{"line":15,"column":8},"end":{"line":15,"column":8}},{"start":{"line":15,"column":8},"end":{"line":15,"column":8}}]},"2":{"line":40,"type":"if","locations":[{"start":{"line":40,"column":8},"end":{"line":40,"column":8}},{"start":{"line":40,"column":8},"end":{"line":40,"column":8}}]},"3":{"line":40,"type":"binary-expr","locations":[{"start":{"line":40,"column":11},"end":{"line":40,"column":27}},{"start":{"line":40,"column":31},"end":{"line":40,"column":55}}]},"4":{"line":46,"type":"if","locations":[{"start":{"line":46,"column":8},"end":{"line":46,"column":8}},{"start":{"line":46,"column":8},"end":{"line":46,"column":8}}]},"5":{"line":53,"type":"if","locations":[{"start":{"line":53,"column":12},"end":{"line":53,"column":12}},{"start":{"line":53,"column":12},"end":{"line":53,"column":12}}]},"6":{"line":64,"type":"if","locations":[{"start":{"line":64,"column":8},"end":{"line":64,"column":8}},{"start":{"line":64,"column":8},"end":{"line":64,"column":8}}]},"7":{"line":65,"type":"if","locations":[{"start":{"line":65,"column":8},"end":{"line":65,"column":8}},{"start":{"line":65,"column":8},"end":{"line":65,"column":8}}]},"8":{"line":67,"type":"if","locations":[{"start":{"line":67,"column":8},"end":{"line":67,"column":8}},{"start":{"line":67,"column":8},"end":{"line":67,"column":8}}]},"9":{"line":74,"type":"if","locations":[{"start":{"line":74,"column":12},"end":{"line":74,"column":12}},{"start":{"line":74,"column":12},"end":{"line":74,"column":12}}]},"10":{"line":74,"type":"binary-expr","locations":[{"start":{"line":74,"column":16},"end":{"line":74,"column":32}},{"start":{"line":74,"column":36},"end":{"line":74,"column":47}}]},"11":{"line":80,"type":"if","locations":[{"start":{"line":80,"column":16},"end":{"line":80,"column":16}},{"start":{"line":80,"column":16},"end":{"line":80,"column":16}}]},"12":{"line":80,"type":"binary-expr","locations":[{"start":{"line":80,"column":19},"end":{"line":80,"column":49}},{"start":{"line":80,"column":53},"end":{"line":80,"column":84}}]},"13":{"line":82,"type":"if","locations":[{"start":{"line":82,"column":23},"end":{"line":82,"column":23}},{"start":{"line":82,"column":23},"end":{"line":82,"column":23}}]},"14":{"line":83,"type":"if","locations":[{"start":{"line":83,"column":20},"end":{"line":83,"column":20}},{"start":{"line":83,"column":20},"end":{"line":83,"column":20}}]},"15":{"line":89,"type":"if","locations":[{"start":{"line":89,"column":16},"end":{"line":89,"column":16}},{"start":{"line":89,"column":16},"end":{"line":89,"column":16}}]},"16":{"line":107,"type":"cond-expr","locations":[{"start":{"line":107,"column":50},"end":{"line":107,"column":60}},{"start":{"line":107,"column":63},"end":{"line":107,"column":67}}]},"17":{"line":108,"type":"cond-expr","locations":[{"start":{"line":108,"column":33},"end":{"line":108,"column":60}},{"start":{"line":108,"column":63},"end":{"line":108,"column":67}}]},"18":{"line":110,"type":"if","locations":[{"start":{"line":110,"column":8},"end":{"line":110,"column":8}},{"start":{"line":110,"column":8},"end":{"line":110,"column":8}}]},"19":{"line":110,"type":"binary-expr","locations":[{"start":{"line":110,"column":11},"end":{"line":110,"column":24}},{"start":{"line":110,"column":28},"end":{"line":110,"column":38}}]},"20":{"line":117,"type":"if","locations":[{"start":{"line":117,"column":12},"end":{"line":117,"column":12}},{"start":{"line":117,"column":12},"end":{"line":117,"column":12}}]},"21":{"line":119,"type":"if","locations":[{"start":{"line":119,"column":12},"end":{"line":119,"column":12}},{"start":{"line":119,"column":12},"end":{"line":119,"column":12}}]},"22":{"line":120,"type":"if","locations":[{"start":{"line":120,"column":16},"end":{"line":120,"column":16}},{"start":{"line":120,"column":16},"end":{"line":120,"column":16}}]},"23":{"line":122,"type":"if","locations":[{"start":{"line":122,"column":16},"end":{"line":122,"column":16}},{"start":{"line":122,"column":16},"end":{"line":122,"column":16}}]},"24":{"line":124,"type":"if","locations":[{"start":{"line":124,"column":16},"end":{"line":124,"column":16}},{"start":{"line":124,"column":16},"end":{"line":124,"column":16}}]},"25":{"line":126,"type":"if","locations":[{"start":{"line":126,"column":16},"end":{"line":126,"column":16}},{"start":{"line":126,"column":16},"end":{"line":126,"column":16}}]},"26":{"line":126,"type":"binary-expr","locations":[{"start":{"line":126,"column":19},"end":{"line":126,"column":29}},{"start":{"line":126,"column":33},"end":{"line":126,"column":46}}]},"27":{"line":140,"type":"if","locations":[{"start":{"line":140,"column":8},"end":{"line":140,"column":8}},{"start":{"line":140,"column":8},"end":{"line":140,"column":8}}]},"28":{"line":162,"type":"if","locations":[{"start":{"line":162,"column":16},"end":{"line":162,"column":16}},{"start":{"line":162,"column":16},"end":{"line":162,"column":16}}]},"29":{"line":162,"type":"binary-expr","locations":[{"start":{"line":162,"column":19},"end":{"line":162,"column":26}},{"start":{"line":162,"column":30},"end":{"line":162,"column":42}}]},"30":{"line":165,"type":"if","locations":[{"start":{"line":165,"column":16},"end":{"line":165,"column":16}},{"start":{"line":165,"column":16},"end":{"line":165,"column":16}}]},"31":{"line":165,"type":"binary-expr","locations":[{"start":{"line":165,"column":19},"end":{"line":165,"column":28}},{"start":{"line":165,"column":32},"end":{"line":165,"column":46}}]}},"code":["\"use strict\";","","var Discordie = require('discordie');","var DJ = require('./DJ.js');","","var createHandler = require('./ChatHandler.js');","","class DJManager {","","    /**","     * DJManager constructor","     * @param credentials The credentials (an object with token, email and password) or a Discordie bot instance","     */","    constructor(credentials) {","        if(credentials instanceof Discordie) {","            this.credentials = null;","            this.bot = credentials;","            this.ready = true;","        } else {","            this.credentials = credentials;","            this.bot = null;","            this.ready = false;","        }","","        this.handler = null;","        this.djs = [];","","        this.keys = {","            youtube: null,","            soundcloud: null","        };","    }","","    /**","     * This will login using the credentials.","     * The execution of this method is not required","     * @param callback The callback fired when the login is successfully made. Optional","     */","    login(callback) {","        if(this.bot == null && this.credentials != null) {","            this.bot = new Discordie();","            this.bot.connect(this.credentials, true);","            this.credentials = null;","        }","","        if(this.ready) {","            callback();","            return;","        }","","        this.bot.Dispatcher.once(Discordie.Events.GATEWAY_READY, function(e) {","            this.ready = true;","            if(callback !== undefined) callback();","        }.bind(this));","    }","","    /**","     * This will create a new DJ","     * @param voiceChannel The voice channel name/id or a Discordie voice channel instance","     * @param type The class of the DJ. Optional","     * @return Promise","     */","    create(voiceChannel, type) {","        if(voiceChannel == null) throw new Error('The voice channel can not be null');","        if(type === undefined) type = DJ;","","        if(this.handler == null) {","            this.handler = createHandler(this.bot, this);","            this.handler.register();","        }","","        return new Promise(function(resolve, reject) {","","            if (this.bot == null || !this.ready) {","                this.login(function() {","                    this.create(voiceChannel, type).then(resolve, reject);","                }.bind(this));","            } else {","","                if(voiceChannel instanceof String || typeof voiceChannel == 'string') {","                    voiceChannel = this.getVoiceChannel(voiceChannel, true, true);","                } else if(voiceChannel.join === undefined) {","                    if (voiceChannel.id !== undefined) {","                        voiceChannel = this.getVoiceChannel(voiceChannel.id, true, false);","                    } else {","                        return reject('Invalid Voice Channel');","                    }","                }","                if(voiceChannel == null) return reject('The voice channel was not found');","","                voiceChannel.join(false, false).then(function(info) {","                    var dj = new type(this.bot, info.voiceConnection, this.handler, this.keys);","                    this.djs.push(dj);","                    resolve(dj);","                }.bind(this), reject);","            }","","        }.bind(this));","    }","","    /**","     * Gets the DJ based on a user server/channel","     * @param user The user object","     * @return DJ","     */","    getFromUser(user) {","        var guild = user.guild_id !== undefined ? user.guild : null;","        var vc = guild != null ? user.getVoiceChannel(guild) : null;","","        if(guild != null && vc == null) {","            return null;","        }","","        for(var i = 0; i < this.djs.length; i++) {","            var dj = this.djs[i];","","            if(dj.voiceConnection === undefined) continue;","            var channel = dj.voiceConnection.channel;","            if(guild != null) {","                if(vc == channel) return dj;","            } else {","                if(dj.voiceConnection == null) continue;","                guild = dj.voiceConnection.guild;","                if(guild == null) continue;","                vc = user.getVoiceChannel(guild);","                if(vc != null && vc == channel) return dj;","            }","        }","","        return null;","    }","","    /**","     * Destroys a DJ","     * @param dj The DJ object","     * @return boolean Whether the DJ was successfully destroyed","     */","    destroy(dj) {","        var i = this.djs.indexOf(dj);","        if(i != -1) {","            this.djs.splice(index, 1);","            dj.destroy();","            return true;","        }","        return false;","    }","","    /**","     * Gets a voice channel instance from a name or id","     * @param str The voice channel name/id","     * @param checkId True to allow str be a voice channel id","     * @param checkName True to allow str be a voice channel name","     * @return IVoiceChannel The Discordie voice channel instance or null","     */","    getVoiceChannel(str, checkId, checkName) {","        var guilds = this.bot.Guilds.toArray();","        for(var i = 0; i < guilds.length; i++) {","            var guild = guilds[i];","            for(var o = 0; o < guild.voiceChannels.length; o++) {","                var vc = guild.voiceChannels[o];","","                if(checkId && vc.id == str) {","                    return vc;","                }","                if(checkName && vc.name == str) {","                    return vc;","                }","            }","        }","        return null;","    }","","    /**","     * Sets a global Youtube key. It will be used in all DJs created by this manager.","     * Note that you have to set it before creating the DJs","     * @param key The Youtube API Key","     */","    setYoutubeKey(key) {","        this.keys.youtube = key;","    }","","    /**","     * Sets a global Soundcloud key. It will be used in all DJs created by this manager.","     * Note that you have to set it before creating the DJs","     * @param key The Soundcloud API Key","     */","    setSoundcloudKey(key) {","        this.keys.soundcloud = key;","    }","","}","","module.exports = DJManager;"],"l":{"3":1,"4":1,"6":1,"15":0,"16":0,"17":0,"18":0,"20":0,"21":0,"22":0,"25":0,"26":0,"28":0,"40":0,"41":0,"42":0,"43":0,"46":0,"47":0,"48":0,"51":0,"52":0,"53":0,"64":0,"65":0,"67":0,"68":0,"69":0,"72":0,"74":0,"75":0,"76":0,"80":0,"81":0,"82":0,"83":0,"84":0,"86":0,"89":0,"91":0,"92":0,"93":0,"94":0,"107":0,"108":0,"110":0,"111":0,"114":0,"115":0,"117":0,"118":0,"119":0,"120":0,"122":0,"123":0,"124":0,"125":0,"126":0,"130":0,"139":0,"140":0,"141":0,"142":0,"143":0,"145":0,"156":0,"157":0,"158":0,"159":0,"160":0,"162":0,"163":0,"165":0,"166":0,"170":0,"179":0,"188":0,"193":1}},"/home/travis/build/npmtest/node-npmtest-discord-dj/node_modules/discord-dj/lib/Logic/DJ.js":{"path":"/home/travis/build/npmtest/node-npmtest-discord-dj/node_modules/discord-dj/lib/Logic/DJ.js","s":{"1":1,"2":1,"3":0,"4":0,"5":0,"6":0,"7":0,"8":0,"9":0,"10":0,"11":0,"12":0,"13":0,"14":0,"15":0,"16":0,"17":0,"18":0,"19":0,"20":1},"b":{},"f":{"1":0,"2":0,"3":0,"4":0,"5":0,"6":0,"7":0,"8":0,"9":0,"10":0,"11":0,"12":0,"13":0,"14":0,"15":0,"16":0,"17":0},"fnMap":{"1":{"name":"(anonymous_1)","line":8,"loc":{"start":{"line":8,"column":15},"end":{"line":8,"column":53}}},"2":{"name":"(anonymous_2)","line":14,"loc":{"start":{"line":14,"column":11},"end":{"line":14,"column":14}}},"3":{"name":"(anonymous_3)","line":18,"loc":{"start":{"line":18,"column":8},"end":{"line":18,"column":19}}},"4":{"name":"(anonymous_4)","line":22,"loc":{"start":{"line":22,"column":8},"end":{"line":22,"column":11}}},"5":{"name":"(anonymous_5)","line":26,"loc":{"start":{"line":26,"column":14},"end":{"line":26,"column":25}}},"6":{"name":"(anonymous_6)","line":30,"loc":{"start":{"line":30,"column":18},"end":{"line":30,"column":21}}},"7":{"name":"(anonymous_7)","line":34,"loc":{"start":{"line":34,"column":16},"end":{"line":34,"column":19}}},"8":{"name":"(anonymous_8)","line":38,"loc":{"start":{"line":38,"column":11},"end":{"line":38,"column":14}}},"9":{"name":"(anonymous_9)","line":42,"loc":{"start":{"line":42,"column":23},"end":{"line":42,"column":26}}},"10":{"name":"(anonymous_10)","line":46,"loc":{"start":{"line":46,"column":15},"end":{"line":46,"column":18}}},"11":{"name":"(anonymous_11)","line":50,"loc":{"start":{"line":50,"column":21},"end":{"line":50,"column":24}}},"12":{"name":"(anonymous_12)","line":54,"loc":{"start":{"line":54,"column":21},"end":{"line"
[...]
83}}},"12":{"name":"(anonymous_12)","line":99,"loc":{"start":{"line":99,"column":19},"end":{"line":99,"column":30}}}},"statementMap":{"1":{"start":{"line":1,"column":0},"end":{"line":1,"column":45}},"2":{"start":{"line":2,"column":0},"end":{"line":2,"column":37}},"3":{"start":{"line":3,"column":0},"end":{"line":3,"column":45}},"4":{"start":{"line":5,"column":0},"end":{"line":5,"column":63}},"5":{"start":{"line":7,"column":0},"end":{"line":118,"column":2}},"6":{"start":{"line":9,"column":4},"end":{"line":12,"column":7}},"7":{"start":{"line":14,"column":4},"end":{"line":14,"column":44}},"8":{"start":{"line":16,"column":4},"end":{"line":48,"column":5}},"9":{"start":{"line":17,"column":8},"end":{"line":17,"column":68}},"10":{"start":{"line":18,"column":8},"end":{"line":23,"column":9}},"11":{"start":{"line":19,"column":12},"end":{"line":19,"column":47}},"12":{"start":{"line":21,"column":12},"end":{"line":21,"column":59}},"13":{"start":{"line":22,"column":12},"end":{"line":22,"column":63}},"14":{"start":{"line":24,"column":8},"end":{"line":24,"column":27}},"15":{"start":{"line":26,"column":8},"end":{"line":33,"column":9}},"16":{"start":{"line":27,"column":12},"end":{"line":27,"column":53}},"17":{"start":{"line":28,"column":12},"end":{"line":32,"column":13}},"18":{"start":{"line":29,"column":16},"end":{"line":29,"column":46}},"19":{"start":{"line":30,"column":16},"end":{"line":30,"column":34}},"20":{"start":{"line":31,"column":16},"end":{"line":31,"column":22}},"21":{"start":{"line":35,"column":8},"end":{"line":47,"column":9}},"22":{"start":{"line":36,"column":12},"end":{"line":36,"column":54}},"23":{"start":{"line":37,"column":12},"end":{"line":37,"column":59}},"24":{"start":{"line":38,"column":12},"end":{"line":38,"column":84}},"25":{"start":{"line":39,"column":12},"end":{"line":39,"column":113}},"26":{"start":{"line":40,"column":12},"end":{"line":40,"column":66}},"27":{"start":{"line":41,"column":12},"end":{"line":44,"column":15}},"28":{"start":{"line":42,"column":16},"end":{"line":42,"column":44}},"29":{"start":{"line":43,"column":16},"end":{"line":43,"column":33}},"30":{"start":{"line":46,"column":12},"end":{"line":46,"column":17}},"31":{"start":{"line":50,"column":4},"end":{"line":53,"column":6}},"32":{"start":{"line":51,"column":8},"end":{"line":51,"column":37}},"33":{"start":{"line":52,"column":8},"end":{"line":52,"column":16}},"34":{"start":{"line":55,"column":4},"end":{"line":63,"column":5}},"35":{"start":{"line":56,"column":8},"end":{"line":62,"column":11}},"36":{"start":{"line":57,"column":12},"end":{"line":61,"column":15}},"37":{"start":{"line":58,"column":16},"end":{"line":58,"column":38}},"38":{"start":{"line":59,"column":16},"end":{"line":59,"column":40}},"39":{"start":{"line":60,"column":16},"end":{"line":60,"column":60}},"40":{"start":{"line":65,"column":4},"end":{"line":105,"column":5}},"41":{"start":{"line":66,"column":8},"end":{"line":66,"column":34}},"42":{"start":{"line":68,"column":8},"end":{"line":68,"column":78}},"43":{"start":{"line":69,"column":8},"end":{"line":69,"column":83}},"44":{"start":{"line":71,"column":8},"end":{"line":104,"column":11}},"45":{"start":{"line":72,"column":12},"end":{"line":72,"column":46}},"46":{"start":{"line":73,"column":12},"end":{"line":103,"column":13}},"47":{"start":{"line":74,"column":16},"end":{"line":74,"column":59}},"48":{"start":{"line":75,"column":16},"end":{"line":75,"column":25}},"49":{"start":{"line":77,"column":16},"end":{"line":102,"column":19}},"50":{"start":{"line":78,"column":20},"end":{"line":98,"column":21}},"51":{"start":{"line":79,"column":24},"end":{"line":79,"column":75}},"52":{"start":{"line":80,"column":24},"end":{"line":80,"column":33}},"53":{"start":{"line":82,"column":24},"end":{"line":85,"column":26}},"54":{"start":{"line":86,"column":24},"end":{"line":86,"column":43}},"55":{"start":{"line":88,"column":24},"end":{"line":96,"column":27}},"56":{"start":{"line":89,"column":28},"end":{"line":95,"column":29}},"57":{"start":{"line":90,"column":32},"end":{"line":90,"column":41}},"58":{"start":{"line":92,"column":32},"end":{"line":92,"column":43}},"59":{"start":{"line":93,"column":32},"end":{"line":93,"column":106}},"60":{"start":{"line":94,"column":32},"end":{"line":94,"column":47}},"61":{"start":{"line":100,"column":20},"end":{"line":100,"column":68}},"62":{"start":{"line":101,"column":20},"end":{"line":101,"column":29}},"63":{"start":{"line":107,"column":4},"end":{"line":117,"column":5}},"64":{"start":{"line":109,"column":8},"end":{"line":109,"column":66}},"65":{"start":{"line":110,"column":8},"end":{"line":110,"column":71}},"66":{"start":{"line":111,"column":8},"end":{"line":111,"column":28}},"67":{"start":{"line":115,"column":8},"end":{"line":115,"column":29}}},"branchMap":{"1":{"line":18,"type":"if","locations":[{"start":{"line":18,"column":8},"end":{"line":18,"column":8}},{"start":{"line":18,"column":8},"end":{"line":18,"column":8}}]},"2":{"line":28,"type":"if","locations":[{"start":{"line":28,"column":12},"end":{"line":28,"column":12}},{"start":{"line":28,"column":12},"end":{"line":28,"column":12}}]},"3":{"line":35,"type":"if","locations":[{"start":{"line":35,"column":8},"end":{"line":35,"column":8}},{"start":{"line":35,"column":8},"end":{"line":35,"column":8}}]},"4":{"line":73,"type":"if","locations":[{"start":{"line":73,"column":12},"end":{"line":73,"column":12}},{"start":{"line":73,"column":12},"end":{"line":73,"column":12}}]},"5":{"line":78,"type":"if","locations":[{"start":{"line":78,"column":20},"end":{"line":78,"column":20}},{"start":{"line":78,"column":20},"end":{"line":78,"column":20}}]},"6":{"line":89,"type":"if","locations":[{"start":{"line":89,"column":28},"end":{"line":89,"column":28}},{"start":{"line":89,"column":28},"end":{"line":89,"column":28}}]},"7":{"line":107,"type":"if","locations":[{"start":{"line":107,"column":4},"end":{"line":107,"column":4}},{"start":{"line":107,"column":4},"end":{"line":107,"column":4}}]}},"code":["var Utils = require('../lib/Logic/Utils.js');","var Discordie = require('discordie');","var child_process = require('child_process');","","var inviteRegex = /https?:\\/\\/discord\\.gg\\/([A-Za-z0-9-]+)\\/?/;","","module.exports = function(bot, data, shouldLogin, callback) {","","    var rl = require('readline').createInterface({","        input: process.stdin,","        output: process.stdout","    });","","    console.log('Starting installation...');","","    function checkDecoder(cb) {","        var cmds = [\"avconv\", \"ffmpeg\", \"avconv.exe\", \"ffmpeg.exe\"];","        if(Utils.exists(data['decoder-path'])) {","            cmds.unshift(data['decoder-path']);","        } else {","            cmds.unshift(process.cwd() + '/ffmpeg/ffmpeg');","            cmds.unshift(process.cwd() + '/ffmpeg/ffmpeg.exe');","        }","        var encoder = null;","","        for(var i = 0; i < cmds.length; i++) {","            var p = child_process.spawnSync(cmds[i]);","            if(!p.error) {","                console.log('Decoder found.');","                encoder = cmds[i];","                break;","            }","        }","","        if(encoder == null) {","            console.log('The decoder was not found.');","            console.log('Please, install FFmpeg or Libav');","            console.log('After you have done that, press enter (leaving it blank)');","            console.log('If it still doesn\\'t work, paste the executable path (Example: C://ffmpeg/ffmpeg.exe)');","            console.log('http://guichaguri.github.io/DiscordDJ/');","            rl.question(\"Executable Path: \", function(path) {","                data['decoder-path'] = path;","                checkDecoder(cb);","            });","        } else {","            cb();","        }","    }","","    var disconnected = function() {","        console.log('Login Failed.');","        login();","    };","","    function login() {","        rl.question(\"Email: \", function(email) {","            rl.question(\"Password: \", function(pass) {","                data['email'] = email;","                data['password'] = pass;","                bot.connect({email: email, password: pass});","            });","        });","    }","","    function server() {","        data['token'] = bot.token;","","        bot.Dispatcher.removeListener(Discordie.Events.GATEWAY_READY, server);","        bot.Dispatcher.removeListener(Discordie.Events.DISCONNECTED, disconnected);","","        rl.question(\"Voice Channel Invite Link: \", function(link) {","            var code = inviteRegex.exec(link);","            if(code == null) {","                console.log('The invite link is invalid!');","                server();","            } else {","                bot.Invites.accept(code[1]).then(function(res) {","                    if(res.channel.type != 'voice') {","                        console.log('The channel is not a voice channel.');","                        server();","                    } else {","                        var dj = {","                            'server': res.guild.id,","                            'voice-channel': res.channel.id","                        };","                        data['djs'] = [dj];","","                        rl.question(\"Add another server? (Y/N) \", function(answer) {","                            if(answer.toLowerCase() == 'y') {","                                server();","                            } else {","                                rl.close();","                                console.log('Basic information configured! The bot is ready to run now.');","                                callback(data);","                            }","                        });","","                    }","                }, function() {","                    console.log('The invite link was not accepted');","                    server();","                });","            }","        });","    }","","    if(shouldLogin) {","","        bot.Dispatcher.on(Discordie.Events.GATEWAY_READY, server);","        bot.Dispatcher.on(Discordie.Events.DISCONNECTED, disconnected);","        checkDecoder(login);","","    } else {","","        checkDecoder(server);","","    }","};"],"l":{"1":1,"2":1,"3":1,"5":1,"7":1,"9":0,"14":0,"16":1,"17":0,"18":0,"19":0,"21":0,"22":0,"24":0,"26":0,"27":0,"28":0,"29":0,"30":0,"31":0,"35":0,"36":0,"37":0,"38":0,"39":0,"40":0,"41":0,"42":0,"43":0,"46":0,"50":0,"51":0,"52":0,"55":1,"56":0,"57":0,"58":0,"59":0,"60":0,"65":1,"66":0,"68":0,"69":0,"71":0,"72":0,"73":0,"74":0,"75":0,"77":0,"78":0,"79":0,"80":0,"82":0,"86":0,"88":0,"89":0,"90":0,"92":0,"93":0,"94":0,"100":0,"101":0,"107":0,"109":0,"110":0,"111":0,"115":0}},"/home/travis/build/npmtest/node-npmtest-discord-dj/node_modules/discord-dj/runtime/Loader.js":{"path":"/home/travis/build/npmtest/node-npmtest-discord-dj/node_modules/discord-dj/runtime/Loader.js","s":{"1":2,"2":2,"3":2,"4":2,"5":2,"6":2,"7":0,"8":0,"9":0,"10":0,"11":2,"12":2,"13":2,"14":2,"15":2,"16":2,"17":2,"18":2,"19":1,"20":2,"21":0,"22":2,"23":2,"24":2,"25":2,"26":0,"27":2,"28":0,"29":0,"30":0,"31":0,"32":1,"33":0,"34":0,"35":1,"36":0,"37":0,"38":0,"39":0,"40":0,"41":0,"42":0,"43":0,"44":0,"45":0,"46":0,"47":0,"48":0,"49":0,"50":0,"51":0,"52":2,"53":0,"54":0},"b":{"1":[0,2],"2":[0,2],"3":[2,0],"4":[0,2],"5":[2,2],"6":[0,0],"7":[0,0],"8":[0,0],"9":[0,0],"10":[0,0]},"f":{"1":2,"2":0,"3":0},"fnMap":{"1":{"name":"getConfigObject","line":27,"loc":{"start":{"line":27,"column":0},"end":{"line":27,"column":35}}},"2":{"name":"install","line":47,"loc":{"start":{"line":47,"column":0},"end":{"line":47,"column":40}}},"3":{"name":"connect","line":52,"loc":{"start":{"line":52,"column":0},"end":{"line":52,"column":19}}}},"statementMap":{"1":{"start":{"line":1,"column":0},"end":{"line":1,"column":45}},"2":{"start":{"line":2,"column":0},"end":{"line":2,"column":43}},"3":{"start":{"line":4,"column":0},"end":{"line":4,"column":38}},"4":{"start":{"line":6,"column":0},"end":{"line":6,"column":37}},"5":{"start":{"line":7,"column":0},"end":{"line":7,"column":23}},"6":{"start":{"line":9,"column":0},"end":{"line":14,"column":1}},"7":{"start":{"line":10,"column":4},"end":{"line":10,"column":57}},"8":{"start":{"line":11,"column":4},"end":{"line":11,"column":78}},"9":{"start":{"line":12,"column":4},"end":{"line":12,"column":58}},"10":{"start":{"line":13,"column":4},"end":{"line":13,"column":20}},"11":{"start":{"line":15,"column":0},"end":{"line":15,"column":11}},"12":{"start":{"line":16,"column":0},"end":{"line":20,"column":1}},"13":{"start":{"line":17,"column":4},"end":{"line":17,"column":64}},"14":{"start":{"line":19,"column":4},"end":{"line":19,"column":18}},"15":{"start":{"line":21,"column":0},"end":{"line":21,"column":27}},"16":{"start":{"line":22,"column":0},"end":{"line":22,"column":22}},"17":{"start":{"line":24,"column":0},"end":{"line":24,"column":26}},"18":{"start":{"line":25,"column":0},"end":{"line":25,"column":19}},"19":{"start":{"line":27,"column":0},"end":{"line":45,"column":1}},"20":{"start":{"line":28,"column":4},"end":{"line":28,"column":40}},"21":{"start":{"line":28,"column":31},"end":{"line":28,"column":40}},"22":{"start":{"line":29,"column":4},"end":{"line":29,"column":17}},"23":{"start":{"line":30,"column":4},"end":{"line":43,"column":5}},"24":{"start":{"line":31,"column":8},"end":{"line":42,"column":9}},"25":{"start":{"line":32,"column":12},"end":{"line":41,"column":13}},"26":{"start":{"line":33,"column":16},"end":{"line":33,"column":63}},"27":{"start":{"line":35,"column":16},"end":{"line":40,"column":17}},"28":{"start":{"line":36,"column":20},"end":{"line":36,"column":40}},"29":{"start":{"line":37,"column":20},"end":{"line":37,"column":41}},"30":{"start":{"line":39,"column":20},"end":{"line":39,"column":40}},"31":{"start":{"line":44,"column":4},"end":{"line":44,"column":15}},"32":{"start":{"line":47,"column":0},"end":{"line":50,"column":1}},"33":{"start":{"line":48,"column":4},"end":{"line":48,"column":66}},"34":{"start":{"line":49,"column":4},"end":{"line":49,"column":26}},"35":{"start":{"line":52,"column":0},"end":{"line":74,"column":1}},"36":{"start":{"line":53,"column":4},"end":{"line":53,"column":49}},"37":{"start":{"line":55,"column":4},"end":{"line":58,"column":5}},"38":{"start":{"line":56,"column":8},"end":{"line":56,"column":47}},"39":{"start":{"line":57,"column":8},"end":{"line":57,"column":30}},"40":{"start":{"line":59,"column":4},"end":{"line":63,"column":5}},"41":{"start":{"line":60,"column":8},"end":{"line":60,"column":47}},"42":{"start":{"line":61,"column":8},"end":{"line":61,"column":53}},"43":{"start":{"line":62,"column":8},"end":{"line":62,"column":30}},"44":{"start":{"line":65,"column":4},"end":{"line":65,"column":65}},"45":{"start":{"line":65,"column":24},"end":{"line":65,"column":65}},"46":{"start":{"line":67,"column":4},"end":{"line":67,"column":84}},"47":{"start":{"line":68,"column":4},"end":{"line":68,"column":86}},"48":{"start":{"line":69,"column":4},"end":{"line":69,"column":74}},"49":{"start":{"line":70,"column":4},"end":{"line":70,"column":76}},"50":{"start":{"line":72,"column":4},"end":{"line":72,"column":40}},"51":{"start":{"line":73,"column":4},"end":{"line":73,"column":29}},"52":{"start":{"line":76,"column":0},"end":{"line":82,"column":3}},"53":{"start":{"line":83,"column":0},"end":{"line":83,"column":17}},"54":{"start":{"line":85,"column":0},"end":{"line":85,"column":20}}},"branchMap":{"1":{"line":9,"type":"if","locations":[{"start":{"line":9,"column":0},"end":{"line":9,"column":0}},{"start":{"line":9,"column":0},"end":{"line":9,"column":0}}]},"2":{"line":28,"type":"if","locations":[{"start":{"line":28,"column":4},"end":{"line":28,"column":4}},{"start":{"line":28,"column":4},"end":{"line":28,"column":4}}]},"3":{"line":31,"type":"if","locations":[{"start":{"line":31,"column":8},"end":{"line":31,"column":8}},{"start":{"line":31,"column":8},"end":{"line":31,"column":8}}]},"4":{"line":32,"type":"if","locations":[{"start":{"line":32,"column":12},"end":{"line":32,"column":12}},{"start":{"line":32,"column":12},"end":{"line":32,"column":12}}]},"5":{"line":32,"type":"binary-expr","locations":[{"start":{"line":32,"column":15},"end":{"line":32,"column":31}},{"start":{"line":32,"column":35},"end":{"line":32,"column":62}}]},"6":{"line":35,"type":"if","locations":[{"start":{"line":35,"column":16},"end":{"line":35,"column":16}},{"start":{"line":35,"column":16},"end":{"line":35,"column":16}}]},"7":{"line":55,"type":"if","locations":[{"start":{"line":55,"column":4},"end":{"line":55,"column":4}},{"start":{"line":55,"column":4},"end":{"line":55,"column":4}}]},"8":{"line":59,"type":"if","locations":[{"start":{"line":59,"column":4},"end":{"line":59,"column":4}},{"start":{"line":59,"column":4},"end":{"line":59,"column":4}}]},"9":{"line":59,"type":"binary-expr","locations":[{"start":{"line":59,"column":7},"end":{"line":59,"column":36}},{"start":{"line":59,"column":40},"end":{"line":59,"column":72}}]},"10":{"line":65,"type":"if","locations":[{"start":{"line":65,"column":4},"end":{"line":65,"column":4}},{"start":{"line":65,"column":4},"end":{"line":65,"column":4}}]}},"code":["var Utils = require('../lib/Logic/Utils.js');","var DiscordDJ = require('../lib/index.js');","","var Special = require('./Special.js');","","var Discordie = require('discordie');","var fs = require('fs');","","if(Discordie == null) {","    console.log('DiscordDJ is not installed correctly.');","    console.log('Please, install it using \"setup-bot.bat\" or \"setup-bot.sh\"');","    console.log('http://guichaguri.github.io/DiscordDJ/');","    process.exit(0);","}","var config;","try {","    config = JSON.parse(fs.readFileSync('config.json', 'utf8'));","} catch(e) {","    config = null;","}","var configModified = false;","var connected = false;","","var bot = new Discordie();","var manager = null;","","function getConfigObject(cfg, def) {","    if(typeof cfg != 'object') cfg = {};","    var obj = {};","    for(var key in def) {","        if(def.hasOwnProperty(key)) {","            if(def[key] != null && typeof def[key] == 'object') {","                obj[key] = getConfigObject(cfg[key], def[key]);","            } else {","                if(typeof cfg[key] == 'undefined') {","                    obj[key] = def[key];","                    configChanged = true;","                } else {","                    obj[key] = cfg[key];","                }","            }","        }","    }","    return obj;","}","","function install(shouldLogin, callback) {","    require('./Installer.js')(bot, config, shouldLogin, callback);","    configModified = true;","}","","function connect() {","    var credentials = {}, hasCredentials = false;","","    if(Utils.exists(config['token'])) {","        credentials['token'] = config['token'];","        hasCredentials = true;","    }","    if(Utils.exists(config['email']) && Utils.exists(config['password'])) {","        credentials['email'] = config['email'];","        credentials['password'] = config['password'];","        hasCredentials = true;","    }","","    if(!hasCredentials) return install(true, finishInstallation);","","    bot.Dispatcher.removeListener(Discordie.Events.GATEWAY_READY, handleConnection);","    bot.Dispatcher.removeListener(Discordie.Events.DISCONNECTED, handleDisconnection);","    bot.Dispatcher.once(Discordie.Events.GATEWAY_READY, handleConnection);","    bot.Dispatcher.once(Discordie.Events.DISCONNECTED, handleDisconnection);","","    console.log('Trying to connect...');","    bot.connect(credentials);","}","","var obj = getConfigObject(config, {","    'bla': 'hey',","    'bla2': {","        'bla3': 'hoho',","        'bla4': null","    }","});","console.log(obj);","","console.log(config);"],"l":{"1":2,"2":2,"4":2,"6":2,"7":2,"9":2,"10":0,"11":0,"12":0,"13":0,"15":2,"16":2,"17":2,"19":2,"21":2,"22":2,"24":2,"25":2,"27":1,"28":2,"29":2,"30":2,"31":2,"32":2,"33":0,"35":2,"36":0,"37":0,"39":0,"44":0,"47":1,"48":0,"49":0,"52":1,"53":0,"55":0,"56":0,"57":0,"59":0,"60":0,"61":0,"62":0,"65":0,"67":0,"68":0,"69":0,"70":0,"72":0,"73":0,"76":2,"83":0,"85":0}}}